#-----------------------------------------------------------
# Vivado v2022.1 (64-bit)
# SW Build 3526262 on Mon Apr 18 15:47:01 MDT 2022
# IP Build 3524634 on Mon Apr 18 20:55:01 MDT 2022
# Start of session at: Tue Dec 13 14:36:58 2022
# Process ID: 357666
# Current directory: /home/builder/Documents/optical_project/fpga2
# Command line: vivado -mode batch -source build.tcl
# Log file: /home/builder/Documents/optical_project/fpga2/vivado.log
# Journal file: /home/builder/Documents/optical_project/fpga2/vivado.jou
# Running On: EECS-DIGITAL-04, OS: Linux, CPU Frequency: 1653.444 MHz, CPU Physical cores: 4, Host memory: 8222 MB
#-----------------------------------------------------------
source build.tcl
# set partNum xc7a100tcsg324-1
# set outputDir obj
# file mkdir $outputDir
# set files [glob -nocomplain "$outputDir/*"]
# if {[llength $files] != 0} {
#     # clear folder contents
#     puts "deleting contents of $outputDir"
#     file delete -force {*}[glob -directory $outputDir *];
# } else {
#     puts "$outputDir is empty"
# }
deleting contents of obj
# read_verilog -sv [ glob ./src/*.sv ]
# read_verilog  [ glob ./src/*.v ]
# read_xdc ./xdc/top_level.xdc
# set_part $partNum
INFO: [Coretcl 2-1500] The part has been set to 'xc7a100tcsg324-1' for the current project only. Run set_part -help for more details. To evaluate different speed grades in the current design, use the set_speed_grade command, or use the open_checkpoint -part command to change the part used by an existing checkpoint design.
# read_ip ./ip/blk_mem_gen_0/blk_mem_gen_0.xci
INFO: [IP_Flow 19-234] Refreshing IP repositories
INFO: [IP_Flow 19-1704] No user IP repositories specified
INFO: [IP_Flow 19-2313] Loaded Vivado IP repository '/opt/Xilinx/Vivado/2022.1/data/ip'.
WARNING: [Vivado 12-13651] The IP file '/home/builder/Documents/optical_project/fpga2/ip/blk_mem_gen_0/blk_mem_gen_0.xci' has been moved from its original location, as a result the outputs for this IP will now be generated in '/home/builder/Documents/playing_debug.gen/sources_1/ip/blk_mem_gen_0'. Alternatively a copy of the IP can be imported into the project using one of the 'import_ip' or 'import_files' commands.
# read_ip ./ip/fifo_generator_0/fifo_generator_0.xci
WARNING: [Vivado 12-13651] The IP file '/home/builder/Documents/optical_project/fpga2/ip/fifo_generator_0/fifo_generator_0.xci' has been moved from its original location, as a result the outputs for this IP will now be generated in '/home/builder/Documents/playing_debug.gen/sources_1/ip/fifo_generator_0'. Alternatively a copy of the IP can be imported into the project using one of the 'import_ip' or 'import_files' commands.
# generate_target all [get_ips]
# synth_ip [get_ips]
INFO: [Vivado 12-3435] The given sub-design is up-to-date, no action was taken.  If a regeneration is desired, use the '-force' option: /home/builder/Documents/optical_project/fpga2/ip/blk_mem_gen_0/blk_mem_gen_0.xci
INFO: [Vivado 12-3435] The given sub-design is up-to-date, no action was taken.  If a regeneration is desired, use the '-force' option: /home/builder/Documents/optical_project/fpga2/ip/fifo_generator_0/fifo_generator_0.xci
INFO: [Vivado 12-3441] generate_netlist_ip - operation complete
# synth_design -top top_level -part $partNum -verbose
Command: synth_design -top top_level -part xc7a100tcsg324-1 -verbose
Starting synth_design
Attempting to get a license for feature 'Synthesis' and/or device 'xc7a100t'
INFO: [Common 17-349] Got license for feature 'Synthesis' and/or device 'xc7a100t'
INFO: [Device 21-403] Loading part xc7a100tcsg324-1
INFO: [Synth 8-7079] Multithreading enabled for synth_design using a maximum of 4 processes.
INFO: [Synth 8-7078] Launching helper process for spawning children vivado processes
INFO: [Synth 8-7075] Helper process launched with PID 357852
WARNING: [Synth 8-6901] identifier 'frame_ready' is used before its declaration [/home/builder/Documents/optical_project/fpga2/src/top_level.sv:60]
---------------------------------------------------------------------------------
Starting RTL Elaboration : Time (s): cpu = 00:00:04 ; elapsed = 00:00:05 . Memory (MB): peak = 2606.082 ; gain = 0.000 ; free physical = 2651 ; free virtual = 6563
---------------------------------------------------------------------------------
INFO: [Synth 8-6157] synthesizing module 'top_level' [/home/builder/Documents/optical_project/fpga2/src/top_level.sv:4]
INFO: [Synth 8-6157] synthesizing module 'clk_wiz_receiver_clk_wiz' [/home/builder/Documents/optical_project/fpga2/src/clk_wiz_receiver_clk_wiz.v:71]
INFO: [Synth 8-6157] synthesizing module 'IBUF' [/opt/Xilinx/Vivado/2022.1/scripts/rt/data/unisim_comp.v:55203]
INFO: [Synth 8-6155] done synthesizing module 'IBUF' (0#1) [/opt/Xilinx/Vivado/2022.1/scripts/rt/data/unisim_comp.v:55203]
INFO: [Synth 8-6157] synthesizing module 'MMCME2_ADV' [/opt/Xilinx/Vivado/2022.1/scripts/rt/data/unisim_comp.v:63509]
	Parameter BANDWIDTH bound to: OPTIMIZED - type: string 
	Parameter CLKFBOUT_MULT_F bound to: 36.125000 - type: double 
	Parameter CLKFBOUT_PHASE bound to: 0.000000 - type: double 
	Parameter CLKFBOUT_USE_FINE_PS bound to: FALSE - type: string 
	Parameter CLKIN1_PERIOD bound to: 10.000000 - type: double 
	Parameter CLKOUT0_DIVIDE_F bound to: 98.000000 - type: double 
	Parameter CLKOUT0_DUTY_CYCLE bound to: 0.500000 - type: double 
	Parameter CLKOUT0_PHASE bound to: 0.000000 - type: double 
	Parameter CLKOUT0_USE_FINE_PS bound to: FALSE - type: string 
	Parameter CLKOUT1_DIVIDE bound to: 24 - type: integer 
	Parameter CLKOUT1_DUTY_CYCLE bound to: 0.500000 - type: double 
	Parameter CLKOUT1_PHASE bound to: 0.000000 - type: double 
	Parameter CLKOUT1_USE_FINE_PS bound to: FALSE - type: string 
	Parameter CLKOUT2_DIVIDE bound to: 10 - type: integer 
	Parameter CLKOUT2_DUTY_CYCLE bound to: 0.500000 - type: double 
	Parameter CLKOUT2_PHASE bound to: 0.000000 - type: double 
	Parameter CLKOUT2_USE_FINE_PS bound to: FALSE - type: string 
	Parameter CLKOUT3_DIVIDE bound to: 6 - type: integer 
	Parameter CLKOUT3_DUTY_CYCLE bound to: 0.500000 - type: double 
	Parameter CLKOUT3_PHASE bound to: 0.000000 - type: double 
	Parameter CLKOUT3_USE_FINE_PS bound to: FALSE - type: string 
	Parameter CLKOUT4_CASCADE bound to: FALSE - type: string 
	Parameter COMPENSATION bound to: ZHOLD - type: string 
	Parameter DIVCLK_DIVIDE bound to: 6 - type: integer 
	Parameter STARTUP_WAIT bound to: FALSE - type: string 
INFO: [Synth 8-6155] done synthesizing module 'MMCME2_ADV' (0#1) [/opt/Xilinx/Vivado/2022.1/scripts/rt/data/unisim_comp.v:63509]
INFO: [Synth 8-6157] synthesizing module 'BUFG' [/opt/Xilinx/Vivado/2022.1/scripts/rt/data/unisim_comp.v:1082]
INFO: [Synth 8-6155] done synthesizing module 'BUFG' (0#1) [/opt/Xilinx/Vivado/2022.1/scripts/rt/data/unisim_comp.v:1082]
INFO: [Synth 8-6155] done synthesizing module 'clk_wiz_receiver_clk_wiz' (0#1) [/home/builder/Documents/optical_project/fpga2/src/clk_wiz_receiver_clk_wiz.v:71]
INFO: [Synth 8-6157] synthesizing module 'hardware_receiver' [/home/builder/Documents/optical_project/fpga2/src/hardware_receiver.sv:4]
INFO: [Synth 8-6155] done synthesizing module 'hardware_receiver' (0#1) [/home/builder/Documents/optical_project/fpga2/src/hardware_receiver.sv:4]
INFO: [Synth 8-6157] synthesizing module 'biphasemark_decode' [/home/builder/Documents/optical_project/fpga2/src/biphasemark_decode.sv:4]
INFO: [Synth 8-6155] done synthesizing module 'biphasemark_decode' (0#1) [/home/builder/Documents/optical_project/fpga2/src/biphasemark_decode.sv:4]
INFO: [Synth 8-6157] synthesizing module 'frame_dismantle' [/home/builder/Documents/optical_project/fpga2/src/frame_dismantle.sv:4]
INFO: [Synth 8-6157] synthesizing module 'crc_calc' [/home/builder/Documents/optical_project/fpga2/src/crc_calc.sv:4]
	Parameter POLY bound to: 64'b0000000000000000000000000000000000000000000000000000000000011101 
	Parameter CRC_SIZE bound to: 32'sb00000000000000000000000000001000 
	Parameter DATA_WIDTH bound to: 32'sb00000000000000000000000000001000 
	Parameter INIT bound to: 64'b0000000000000000000000000000000000000000000000000000000011111111 
	Parameter REF_IN bound to: 32'sb00000000000000000000000000000001 
	Parameter REF_OUT bound to: 32'sb00000000000000000000000000000001 
	Parameter XOR_OUT bound to: 64'b0000000000000000000000000000000000000000000000000000000000000000 
INFO: [Synth 8-6155] done synthesizing module 'crc_calc' (0#1) [/home/builder/Documents/optical_project/fpga2/src/crc_calc.sv:4]
INFO: [Synth 8-6155] done synthesizing module 'frame_dismantle' (0#1) [/home/builder/Documents/optical_project/fpga2/src/frame_dismantle.sv:4]
INFO: [Synth 8-6157] synthesizing module 'fifo_generator_0' [/home/builder/Documents/optical_project/fpga2/.Xil/Vivado-357666-EECS-DIGITAL-04/realtime/fifo_generator_0_stub.v:5]
INFO: [Synth 8-6155] done synthesizing module 'fifo_generator_0' (0#1) [/home/builder/Documents/optical_project/fpga2/.Xil/Vivado-357666-EECS-DIGITAL-04/realtime/fifo_generator_0_stub.v:5]
WARNING: [Synth 8-689] width (1) of port connection 'dout' does not match port width (8) of module 'fifo_generator_0' [/home/builder/Documents/optical_project/fpga2/src/top_level.sv:62]
INFO: [Synth 8-6157] synthesizing module 'frame_assembly' [/home/builder/Documents/optical_project/fpga2/src/frame_assembly.sv:4]
INFO: [Synth 8-6157] synthesizing module 'biphase' [/home/builder/Documents/optical_project/fpga2/src/biphase.sv:12]
INFO: [Synth 8-6155] done synthesizing module 'biphase' (0#1) [/home/builder/Documents/optical_project/fpga2/src/biphase.sv:12]
INFO: [Synth 8-6155] done synthesizing module 'frame_assembly' (0#1) [/home/builder/Documents/optical_project/fpga2/src/frame_assembly.sv:4]
INFO: [Synth 8-6157] synthesizing module 'seven_segment_controller' [/home/builder/Documents/optical_project/fpga2/src/seven_segment_controller.sv:3]
INFO: [Synth 8-6157] synthesizing module 'bto7s' [/home/builder/Documents/optical_project/fpga2/src/seven_segment_controller.sv:51]
INFO: [Synth 8-6155] done synthesizing module 'bto7s' (0#1) [/home/builder/Documents/optical_project/fpga2/src/seven_segment_controller.sv:51]
INFO: [Synth 8-6155] done synthesizing module 'seven_segment_controller' (0#1) [/home/builder/Documents/optical_project/fpga2/src/seven_segment_controller.sv:3]
INFO: [Synth 8-6155] done synthesizing module 'top_level' (0#1) [/home/builder/Documents/optical_project/fpga2/src/top_level.sv:4]
WARNING: [Synth 8-6014] Unused sequential element preamble_counter_reg was removed.  [/home/builder/Documents/optical_project/fpga2/src/biphasemark_decode.sv:34]
WARNING: [Synth 8-3848] Net soft_reset_i in module/entity frame_dismantle does not have driver. [/home/builder/Documents/optical_project/fpga2/src/frame_dismantle.sv:54]
---------------------------------------------------------------------------------
Finished RTL Elaboration : Time (s): cpu = 00:00:06 ; elapsed = 00:00:07 . Memory (MB): peak = 2606.082 ; gain = 0.000 ; free physical = 2782 ; free virtual = 6680
---------------------------------------------------------------------------------
---------------------------------------------------------------------------------
Start Handling Custom Attributes
---------------------------------------------------------------------------------
---------------------------------------------------------------------------------
Finished Handling Custom Attributes : Time (s): cpu = 00:00:06 ; elapsed = 00:00:07 . Memory (MB): peak = 2606.082 ; gain = 0.000 ; free physical = 2783 ; free virtual = 6682
---------------------------------------------------------------------------------
---------------------------------------------------------------------------------
Finished RTL Optimization Phase 1 : Time (s): cpu = 00:00:06 ; elapsed = 00:00:07 . Memory (MB): peak = 2606.082 ; gain = 0.000 ; free physical = 2783 ; free virtual = 6682
---------------------------------------------------------------------------------
Netlist sorting complete. Time (s): cpu = 00:00:00.02 ; elapsed = 00:00:00.02 . Memory (MB): peak = 2606.082 ; gain = 0.000 ; free physical = 2755 ; free virtual = 6661
INFO: [Netlist 29-17] Analyzing 1 Unisim elements for replacement
INFO: [Netlist 29-28] Unisim Transformation completed in 0 CPU seconds
INFO: [Project 1-570] Preparing netlist for logic optimization

Processing XDC Constraints
Initializing timing engine
Parsing XDC File [/home/builder/Documents/playing_debug.gen/sources_1/ip/fifo_generator_0/fifo_generator_0/fifo_generator_0_in_context.xdc] for cell 'fif0'
Finished Parsing XDC File [/home/builder/Documents/playing_debug.gen/sources_1/ip/fifo_generator_0/fifo_generator_0/fifo_generator_0_in_context.xdc] for cell 'fif0'
Parsing XDC File [/home/builder/Documents/optical_project/fpga2/xdc/top_level.xdc]
Finished Parsing XDC File [/home/builder/Documents/optical_project/fpga2/xdc/top_level.xdc]
INFO: [Project 1-236] Implementation specific constraints were found while reading constraint file [/home/builder/Documents/optical_project/fpga2/xdc/top_level.xdc]. These constraints will be ignored for synthesis but will be used in implementation. Impacted constraints are listed in the file [.Xil/top_level_propImpl.xdc].
Resolution: To avoid this warning, move constraints listed in [.Xil/top_level_propImpl.xdc] to another XDC file and exclude this new file from synthesis with the used_in_synthesis property (File Properties dialog in GUI) and re-run elaboration/synthesis.
INFO: [Timing 38-2] Deriving generated clocks
Completed Processing XDC Constraints

Netlist sorting complete. Time (s): cpu = 00:00:00 ; elapsed = 00:00:00 . Memory (MB): peak = 2654.105 ; gain = 0.000 ; free physical = 2667 ; free virtual = 6576
INFO: [Project 1-111] Unisim Transformation Summary:
No Unisim elements were transformed.

Constraint Validation Runtime : Time (s): cpu = 00:00:00 ; elapsed = 00:00:00.01 . Memory (MB): peak = 2654.105 ; gain = 0.000 ; free physical = 2667 ; free virtual = 6576
---------------------------------------------------------------------------------
Finished Constraint Validation : Time (s): cpu = 00:00:13 ; elapsed = 00:00:14 . Memory (MB): peak = 2654.105 ; gain = 48.023 ; free physical = 2777 ; free virtual = 6673
---------------------------------------------------------------------------------
---------------------------------------------------------------------------------
Start Loading Part and Timing Information
---------------------------------------------------------------------------------
Loading part: xc7a100tcsg324-1
---------------------------------------------------------------------------------
Finished Loading Part and Timing Information : Time (s): cpu = 00:00:13 ; elapsed = 00:00:14 . Memory (MB): peak = 2654.105 ; gain = 48.023 ; free physical = 2777 ; free virtual = 6673
---------------------------------------------------------------------------------
---------------------------------------------------------------------------------
Start Applying 'set_property' XDC Constraints
---------------------------------------------------------------------------------
Applied set_property KEEP_HIERARCHY = SOFT for fif0. (constraint file  auto generated constraint).
---------------------------------------------------------------------------------
Finished applying 'set_property' XDC Constraints : Time (s): cpu = 00:00:13 ; elapsed = 00:00:14 . Memory (MB): peak = 2654.105 ; gain = 48.023 ; free physical = 2777 ; free virtual = 6673
---------------------------------------------------------------------------------
WARNING: [Synth 8-3936] Found unconnected internal register 'preamble_buffer_reg' and it is trimmed from '8' to '7' bits. [/home/builder/Documents/optical_project/fpga2/src/biphasemark_decode.sv:44]
INFO: [Synth 8-802] inferred FSM for state register 'subframestate_reg' in module 'frame_dismantle'
INFO: [Synth 8-802] inferred FSM for state register 'subframestate_reg' in module 'frame_assembly'
INFO: [Synth 8-802] inferred FSM for state register 'channel_state_reg' in module 'frame_assembly'
---------------------------------------------------------------------------------------------------
                   State |                     New Encoding |                Previous Encoding 
---------------------------------------------------------------------------------------------------
                     AUX |                              000 | 00000000000000000000000000000000
                    DATA |                              001 | 00000000000000000000000000000001
                   VALID |                              010 | 00000000000000000000000000000010
                    USER |                              011 | 00000000000000000000000000000011
                 CHANNEL |                              100 | 00000000000000000000000000000100
                  PARITY |                              101 | 00000000000000000000000000000101
---------------------------------------------------------------------------------------------------
INFO: [Synth 8-3354] encoded FSM with state register 'subframestate_reg' using encoding 'sequential' in module 'frame_dismantle'
---------------------------------------------------------------------------------------------------
                   State |                     New Encoding |                Previous Encoding 
---------------------------------------------------------------------------------------------------
                  iSTATE |                                0 |                               00
*
                 iSTATE0 |                                1 |                               01
---------------------------------------------------------------------------------------------------
INFO: [Synth 8-3354] encoded FSM with state register 'channel_state_reg' using encoding 'sequential' in module 'frame_assembly'
---------------------------------------------------------------------------------------------------
                   State |                     New Encoding |                Previous Encoding 
---------------------------------------------------------------------------------------------------
                PREAMBLE |                              000 | 00000000000000000000000000000000
                     AUX |                              001 | 00000000000000000000000000000001
                    DATA |                              010 | 00000000000000000000000000000010
                   VALID |                              011 | 00000000000000000000000000000011
                    USER |                              100 | 00000000000000000000000000000100
                 CHANNEL |                              101 | 00000000000000000000000000000101
                  PARITY |                              110 | 00000000000000000000000000000110
---------------------------------------------------------------------------------------------------
INFO: [Synth 8-3354] encoded FSM with state register 'subframestate_reg' using encoding 'sequential' in module 'frame_assembly'
---------------------------------------------------------------------------------
Finished RTL Optimization Phase 2 : Time (s): cpu = 00:00:14 ; elapsed = 00:00:15 . Memory (MB): peak = 2654.105 ; gain = 48.023 ; free physical = 2767 ; free virtual = 6664
---------------------------------------------------------------------------------
---------------------------------------------------------------------------------
Start RTL Component Statistics 
---------------------------------------------------------------------------------
Detailed RTL Component Info : 
+---Adders : 
	   2 Input   32 Bit       Adders := 1     
	   2 Input   11 Bit       Adders := 1     
	   2 Input    9 Bit       Adders := 2     
	   2 Input    8 Bit       Adders := 3     
	   2 Input    7 Bit       Adders := 1     
	   2 Input    6 Bit       Adders := 1     
	   2 Input    5 Bit       Adders := 2     
	   2 Input    3 Bit       Adders := 3     
	   2 Input    2 Bit       Adders := 4     
+---XORs : 
	   2 Input      1 Bit         XORs := 12    
	   3 Input      1 Bit         XORs := 1     
	   4 Input      1 Bit         XORs := 3     
	   5 Input      1 Bit         XORs := 1     
	   7 Input      1 Bit         XORs := 2     
	   8 Input      1 Bit         XORs := 1     
	   6 Input      1 Bit         XORs := 1     
+---Registers : 
	              192 Bit    Registers := 2     
	               32 Bit    Registers := 2     
	               20 Bit    Registers := 2     
	               11 Bit    Registers := 1     
	                9 Bit    Registers := 2     
	                8 Bit    Registers := 6     
	                7 Bit    Registers := 2     
	                6 Bit    Registers := 1     
	                5 Bit    Registers := 1     
	                4 Bit    Registers := 2     
	                3 Bit    Registers := 3     
	                2 Bit    Registers := 5     
	                1 Bit    Registers := 20    
+---Muxes : 
	   6 Input  192 Bit        Muxes := 1     
	   2 Input   32 Bit        Muxes := 1     
	   6 Input   20 Bit        Muxes := 1     
	   2 Input    8 Bit        Muxes := 6     
	   7 Input    6 Bit        Muxes := 1     
	   6 Input    5 Bit        Muxes := 1     
	   6 Input    4 Bit        Muxes := 1     
	   2 Input    3 Bit        Muxes := 1     
	   6 Input    3 Bit        Muxes := 1     
	   7 Input    3 Bit        Muxes := 3     
	   7 Input    2 Bit        Muxes := 4     
	   2 Input    1 Bit        Muxes := 46    
	   6 Input    1 Bit        Muxes := 21    
	   3 Input    1 Bit        Muxes := 2     
	   7 Input    1 Bit        Muxes := 21    
---------------------------------------------------------------------------------
Finished RTL Component Statistics 
---------------------------------------------------------------------------------
---------------------------------------------------------------------------------
Start Part Resource Summary
---------------------------------------------------------------------------------
Part Resources:
DSPs: 240 (col length:80)
BRAMs: 270 (col length: RAMB18 80 RAMB36 40)
---------------------------------------------------------------------------------
Finished Part Resource Summary
---------------------------------------------------------------------------------
---------------------------------------------------------------------------------
Start Cross Boundary and Area Optimization
---------------------------------------------------------------------------------
WARNING: [Synth 8-7080] Parallel synthesis criteria is not met
WARNING: [Synth 8-3936] Found unconnected internal register 'my_frame_dismantle/dout_reg' and it is trimmed from '20' to '15' bits. [/home/builder/Documents/optical_project/fpga2/src/frame_dismantle.sv:158]
WARNING: [Synth 8-3936] Found unconnected internal register 'my_frame_dismantle/channeldout_reg' and it is trimmed from '192' to '32' bits. [/home/builder/Documents/optical_project/fpga2/src/frame_dismantle.sv:170]
---------------------------------------------------------------------------------
Finished Cross Boundary and Area Optimization : Time (s): cpu = 00:00:17 ; elapsed = 00:00:18 . Memory (MB): peak = 2654.105 ; gain = 48.023 ; free physical = 2755 ; free virtual = 6657
---------------------------------------------------------------------------------
---------------------------------------------------------------------------------
Start Applying XDC Timing Constraints
---------------------------------------------------------------------------------
---------------------------------------------------------------------------------
Finished Applying XDC Timing Constraints : Time (s): cpu = 00:00:21 ; elapsed = 00:00:22 . Memory (MB): peak = 2654.105 ; gain = 48.023 ; free physical = 2631 ; free virtual = 6547
---------------------------------------------------------------------------------
---------------------------------------------------------------------------------
Start Timing Optimization
---------------------------------------------------------------------------------
---------------------------------------------------------------------------------
Finished Timing Optimization : Time (s): cpu = 00:00:21 ; elapsed = 00:00:22 . Memory (MB): peak = 2654.105 ; gain = 48.023 ; free physical = 2629 ; free virtual = 6544
---------------------------------------------------------------------------------
---------------------------------------------------------------------------------
Start Technology Mapping
---------------------------------------------------------------------------------
---------------------------------------------------------------------------------
Finished Technology Mapping : Time (s): cpu = 00:00:21 ; elapsed = 00:00:23 . Memory (MB): peak = 2654.105 ; gain = 48.023 ; free physical = 2628 ; free virtual = 6544
---------------------------------------------------------------------------------
---------------------------------------------------------------------------------
Start IO Insertion
---------------------------------------------------------------------------------
---------------------------------------------------------------------------------
Start Flattening Before IO Insertion
---------------------------------------------------------------------------------
---------------------------------------------------------------------------------
Finished Flattening Before IO Insertion
---------------------------------------------------------------------------------
---------------------------------------------------------------------------------
Start Final Netlist Cleanup
---------------------------------------------------------------------------------
---------------------------------------------------------------------------------
Finished Final Netlist Cleanup
---------------------------------------------------------------------------------
---------------------------------------------------------------------------------
Finished IO Insertion : Time (s): cpu = 00:00:25 ; elapsed = 00:00:26 . Memory (MB): peak = 2654.105 ; gain = 48.023 ; free physical = 2623 ; free virtual = 6540
---------------------------------------------------------------------------------
---------------------------------------------------------------------------------
Start Renaming Generated Instances
---------------------------------------------------------------------------------
---------------------------------------------------------------------------------
Finished Renaming Generated Instances : Time (s): cpu = 00:00:25 ; elapsed = 00:00:26 . Memory (MB): peak = 2654.105 ; gain = 48.023 ; free physical = 2623 ; free virtual = 6540
---------------------------------------------------------------------------------
---------------------------------------------------------------------------------
Start Rebuilding User Hierarchy
---------------------------------------------------------------------------------
---------------------------------------------------------------------------------
Finished Rebuilding User Hierarchy : Time (s): cpu = 00:00:25 ; elapsed = 00:00:26 . Memory (MB): peak = 2654.105 ; gain = 48.023 ; free physical = 2623 ; free virtual = 6540
---------------------------------------------------------------------------------
---------------------------------------------------------------------------------
Start Renaming Generated Ports
---------------------------------------------------------------------------------
---------------------------------------------------------------------------------
Finished Renaming Generated Ports : Time (s): cpu = 00:00:25 ; elapsed = 00:00:26 . Memory (MB): peak = 2654.105 ; gain = 48.023 ; free physical = 2623 ; free virtual = 6540
---------------------------------------------------------------------------------
---------------------------------------------------------------------------------
Start Handling Custom Attributes
---------------------------------------------------------------------------------
---------------------------------------------------------------------------------
Finished Handling Custom Attributes : Time (s): cpu = 00:00:25 ; elapsed = 00:00:26 . Memory (MB): peak = 2654.105 ; gain = 48.023 ; free physical = 2623 ; free virtual = 6540
---------------------------------------------------------------------------------
---------------------------------------------------------------------------------
Start Renaming Generated Nets
---------------------------------------------------------------------------------
---------------------------------------------------------------------------------
Finished Renaming Generated Nets : Time (s): cpu = 00:00:25 ; elapsed = 00:00:26 . Memory (MB): peak = 2654.105 ; gain = 48.023 ; free physical = 2623 ; free virtual = 6540
---------------------------------------------------------------------------------
---------------------------------------------------------------------------------
Start Writing Synthesis Report
---------------------------------------------------------------------------------

Report BlackBoxes: 
+------+-----------------+----------+
|      |BlackBox name    |Instances |
+------+-----------------+----------+
|1     |fifo_generator_0 |         1|
+------+-----------------+----------+

Report Cell Usage: 
+------+---------------+------+
|      |Cell           |Count |
+------+---------------+------+
|1     |fifo_generator |     1|
|2     |BUFG           |     5|
|3     |CARRY4         |     8|
|4     |LUT1           |    15|
|5     |LUT2           |    42|
|6     |LUT3           |    66|
|7     |LUT4           |    62|
|8     |LUT5           |    82|
|9     |LUT6           |    86|
|10    |MMCME2_ADV     |     1|
|11    |MUXF7          |     1|
|12    |FDRE           |   267|
|13    |FDSE           |    16|
|14    |IBUF           |     3|
|15    |OBUF           |    23|
+------+---------------+------+
---------------------------------------------------------------------------------
Finished Writing Synthesis Report : Time (s): cpu = 00:00:25 ; elapsed = 00:00:26 . Memory (MB): peak = 2654.105 ; gain = 48.023 ; free physical = 2623 ; free virtual = 6540
---------------------------------------------------------------------------------
Synthesis finished with 0 errors, 0 critical warnings and 4 warnings.
Synthesis Optimization Runtime : Time (s): cpu = 00:00:23 ; elapsed = 00:00:24 . Memory (MB): peak = 2654.105 ; gain = 0.000 ; free physical = 2673 ; free virtual = 6590
Synthesis Optimization Complete : Time (s): cpu = 00:00:25 ; elapsed = 00:00:26 . Memory (MB): peak = 2654.105 ; gain = 48.023 ; free physical = 2673 ; free virtual = 6590
INFO: [Project 1-571] Translating synthesized netlist
INFO: [Project 1-454] Reading design checkpoint '/home/builder/Documents/playing_debug.gen/sources_1/ip/fifo_generator_0/fifo_generator_0.dcp' for cell 'fif0'
Netlist sorting complete. Time (s): cpu = 00:00:00.01 ; elapsed = 00:00:00 . Memory (MB): peak = 2654.105 ; gain = 0.000 ; free physical = 2764 ; free virtual = 6678
INFO: [Netlist 29-17] Analyzing 22 Unisim elements for replacement
INFO: [Netlist 29-28] Unisim Transformation completed in 0 CPU seconds
INFO: [Project 1-479] Netlist was created with Vivado 2022.1
INFO: [Project 1-570] Preparing netlist for logic optimization
Parsing XDC File [/home/builder/Documents/playing_debug.gen/sources_1/ip/fifo_generator_0/fifo_generator_0.xdc] for cell 'fif0/U0'
Finished Parsing XDC File [/home/builder/Documents/playing_debug.gen/sources_1/ip/fifo_generator_0/fifo_generator_0.xdc] for cell 'fif0/U0'
Parsing XDC File [/home/builder/Documents/optical_project/fpga2/xdc/top_level.xdc]
Finished Parsing XDC File [/home/builder/Documents/optical_project/fpga2/xdc/top_level.xdc]
INFO: [Project 1-538] Using original IP XDC constraints instead of the XDC constraints in dcp '/home/builder/Documents/playing_debug.gen/sources_1/ip/fifo_generator_0/fifo_generator_0.dcp'
INFO: [Opt 31-138] Pushed 0 inverter(s) to 0 load pin(s).
Netlist sorting complete. Time (s): cpu = 00:00:00 ; elapsed = 00:00:00 . Memory (MB): peak = 2654.105 ; gain = 0.000 ; free physical = 2737 ; free virtual = 6650
INFO: [Project 1-111] Unisim Transformation Summary:
No Unisim elements were transformed.

Synth Design complete, checksum: dd6778af
INFO: [Common 17-83] Releasing license: Synthesis
55 Infos, 8 Warnings, 0 Critical Warnings and 0 Errors encountered.
synth_design completed successfully
synth_design: Time (s): cpu = 00:00:35 ; elapsed = 00:00:37 . Memory (MB): peak = 2654.105 ; gain = 64.031 ; free physical = 2950 ; free virtual = 6862
# write_checkpoint -force $outputDir/post_synth.dcp
INFO: [Timing 38-480] Writing timing data to binary archive.
Writing XDEF routing.
Writing XDEF routing logical nets.
Writing XDEF routing special nets.
Write XDEF Complete: Time (s): cpu = 00:00:00.11 ; elapsed = 00:00:00.03 . Memory (MB): peak = 2726.141 ; gain = 32.016 ; free physical = 2946 ; free virtual = 6859
INFO: [Common 17-1381] The checkpoint '/home/builder/Documents/optical_project/fpga2/obj/post_synth.dcp' has been generated.
# report_timing_summary -file $outputDir/post_synth_timing_summary.rpt
INFO: [Timing 38-35] Done setting XDC timing constraints.
INFO: [Timing 38-2] Deriving generated clocks
INFO: [Timing 38-91] UpdateTimingParams: Speed grade: -1, Delay Type: min_max.
INFO: [Timing 38-191] Multithreading enabled for timing update using a maximum of 8 CPUs
# report_utilization -file $outputDir/post_synth_util.rpt
# report_timing -file $outputDir/post_synth_timing.rpt
INFO: [Timing 38-91] UpdateTimingParams: Speed grade: -1, Delay Type: max.
INFO: [Timing 38-191] Multithreading enabled for timing update using a maximum of 8 CPUs
INFO: [Timing 38-78] ReportTimingParams: -max_paths 1 -nworst 1 -delay_type max -sort_by slack.
# opt_design
Command: opt_design
Attempting to get a license for feature 'Implementation' and/or device 'xc7a100t'
INFO: [Common 17-349] Got license for feature 'Implementation' and/or device 'xc7a100t'
Running DRC as a precondition to command opt_design

Starting DRC Task
INFO: [DRC 23-27] Running DRC with 8 threads
INFO: [Project 1-461] DRC finished with 0 Errors
INFO: [Project 1-462] Please refer to the DRC report (report_drc) for more information.

Time (s): cpu = 00:00:01 ; elapsed = 00:00:00.85 . Memory (MB): peak = 2889.770 ; gain = 88.812 ; free physical = 2614 ; free virtual = 6547

Starting Cache Timing Information Task
Ending Cache Timing Information Task | Checksum: 1e0407d6b

Time (s): cpu = 00:00:00 ; elapsed = 00:00:00.01 . Memory (MB): peak = 2889.770 ; gain = 0.000 ; free physical = 2614 ; free virtual = 6547

Starting Logic Optimization Task

Phase 1 Retarget
INFO: [Opt 31-138] Pushed 0 inverter(s) to 0 load pin(s).
INFO: [Opt 31-49] Retargeted 0 cell(s).
Phase 1 Retarget | Checksum: 13876b942

Time (s): cpu = 00:00:00.05 ; elapsed = 00:00:00.07 . Memory (MB): peak = 3051.754 ; gain = 0.000 ; free physical = 2416 ; free virtual = 6349
INFO: [Opt 31-389] Phase Retarget created 0 cells and removed 1 cells
INFO: [Opt 31-1021] In phase Retarget, 3 netlist objects are constrained preventing optimization. Please run opt_design with -debug_log to get more detail. 

Phase 2 Constant propagation
INFO: [Opt 31-138] Pushed 0 inverter(s) to 0 load pin(s).
Phase 2 Constant propagation | Checksum: 13876b942

Time (s): cpu = 00:00:00.06 ; elapsed = 00:00:00.08 . Memory (MB): peak = 3051.754 ; gain = 0.000 ; free physical = 2416 ; free virtual = 6349
INFO: [Opt 31-389] Phase Constant propagation created 0 cells and removed 0 cells
INFO: [Opt 31-1021] In phase Constant propagation, 2 netlist objects are constrained preventing optimization. Please run opt_design with -debug_log to get more detail. 

Phase 3 Sweep
Phase 3 Sweep | Checksum: 18179edcb

Time (s): cpu = 00:00:00.08 ; elapsed = 00:00:00.1 . Memory (MB): peak = 3051.754 ; gain = 0.000 ; free physical = 2416 ; free virtual = 6349
INFO: [Opt 31-389] Phase Sweep created 0 cells and removed 35 cells
INFO: [Opt 31-1021] In phase Sweep, 10 netlist objects are constrained preventing optimization. Please run opt_design with -debug_log to get more detail. 

Phase 4 BUFG optimization
Phase 4 BUFG optimization | Checksum: 18179edcb

Time (s): cpu = 00:00:00.1 ; elapsed = 00:00:00.14 . Memory (MB): peak = 3051.754 ; gain = 0.000 ; free physical = 2416 ; free virtual = 6349
INFO: [Opt 31-662] Phase BUFG optimization created 0 cells of which 0 are BUFGs and removed 0 cells.

Phase 5 Shift Register Optimization
INFO: [Opt 31-1064] SRL Remap converted 0 SRLs to 0 registers and converted 0 registers of register chains to 0 SRLs
Phase 5 Shift Register Optimization | Checksum: 18179edcb

Time (s): cpu = 00:00:00.1 ; elapsed = 00:00:00.14 . Memory (MB): peak = 3051.754 ; gain = 0.000 ; free physical = 2416 ; free virtual = 6349
INFO: [Opt 31-389] Phase Shift Register Optimization created 0 cells and removed 0 cells

Phase 6 Post Processing Netlist
Phase 6 Post Processing Netlist | Checksum: 18179edcb

Time (s): cpu = 00:00:00.11 ; elapsed = 00:00:00.16 . Memory (MB): peak = 3051.754 ; gain = 0.000 ; free physical = 2416 ; free virtual = 6349
INFO: [Opt 31-389] Phase Post Processing Netlist created 0 cells and removed 0 cells
INFO: [Opt 31-1021] In phase Post Processing Netlist, 3 netlist objects are constrained preventing optimization. Please run opt_design with -debug_log to get more detail. 
Opt_design Change Summary
=========================


-------------------------------------------------------------------------------------------------------------------------
|  Phase                        |  #Cells created  |  #Cells Removed  |  #Constrained objects preventing optimizations  |
-------------------------------------------------------------------------------------------------------------------------
|  Retarget                     |               0  |               1  |                                              3  |
|  Constant propagation         |               0  |               0  |                                              2  |
|  Sweep                        |               0  |              35  |                                             10  |
|  BUFG optimization            |               0  |               0  |                                              0  |
|  Shift Register Optimization  |               0  |               0  |                                              0  |
|  Post Processing Netlist      |               0  |               0  |                                              3  |
-------------------------------------------------------------------------------------------------------------------------



Starting Connectivity Check Task

Time (s): cpu = 00:00:00 ; elapsed = 00:00:00 . Memory (MB): peak = 3051.754 ; gain = 0.000 ; free physical = 2415 ; free virtual = 6349
Ending Logic Optimization Task | Checksum: 161566754

Time (s): cpu = 00:00:00.13 ; elapsed = 00:00:00.18 . Memory (MB): peak = 3051.754 ; gain = 0.000 ; free physical = 2415 ; free virtual = 6349

Starting Power Optimization Task
INFO: [Pwropt 34-132] Skipping clock gating for clocks with a period < 2.00 ns.
INFO: [Pwropt 34-9] Applying IDT optimizations ...
INFO: [Pwropt 34-10] Applying ODC optimizations ...
INFO: [Timing 38-35] Done setting XDC timing constraints.
Running Vector-less Activity Propagation...

Finished Running Vector-less Activity Propagation


Starting PowerOpt Patch Enables Task
INFO: [Pwropt 34-162] WRITE_MODE attribute of 1 BRAM(s) out of a total of 1 has been updated to save power. Run report_power_opt to get a complete listing of the BRAMs updated.
INFO: [Pwropt 34-201] Structural ODC has moved 0 WE to EN ports
Number of BRAM Ports augmented: 0 newly gated: 0 Total Ports: 2
Ending PowerOpt Patch Enables Task | Checksum: 161566754

Time (s): cpu = 00:00:00 ; elapsed = 00:00:00.01 . Memory (MB): peak = 3227.809 ; gain = 0.000 ; free physical = 2620 ; free virtual = 6558
Ending Power Optimization Task | Checksum: 161566754

Time (s): cpu = 00:00:00.51 ; elapsed = 00:00:00.62 . Memory (MB): peak = 3227.809 ; gain = 176.055 ; free physical = 2624 ; free virtual = 6563

Starting Final Cleanup Task
Ending Final Cleanup Task | Checksum: 161566754

Time (s): cpu = 00:00:00 ; elapsed = 00:00:00 . Memory (MB): peak = 3227.809 ; gain = 0.000 ; free physical = 2624 ; free virtual = 6563

Starting Netlist Obfuscation Task
Netlist sorting complete. Time (s): cpu = 00:00:00 ; elapsed = 00:00:00 . Memory (MB): peak = 3227.809 ; gain = 0.000 ; free physical = 2624 ; free virtual = 6563
Ending Netlist Obfuscation Task | Checksum: 161566754

Time (s): cpu = 00:00:00 ; elapsed = 00:00:00 . Memory (MB): peak = 3227.809 ; gain = 0.000 ; free physical = 2624 ; free virtual = 6563
INFO: [Common 17-83] Releasing license: Implementation
25 Infos, 0 Warnings, 0 Critical Warnings and 0 Errors encountered.
opt_design completed successfully
# place_design
Command: place_design
Attempting to get a license for feature 'Implementation' and/or device 'xc7a100t'
INFO: [Common 17-349] Got license for feature 'Implementation' and/or device 'xc7a100t'
INFO: [Timing 38-35] Done setting XDC timing constraints.
INFO: [DRC 23-27] Running DRC with 8 threads
INFO: [Vivado_Tcl 4-198] DRC finished with 0 Errors
INFO: [Vivado_Tcl 4-199] Please refer to the DRC report (report_drc) for more information.
Running DRC as a precondition to command place_design
INFO: [DRC 23-27] Running DRC with 8 threads
INFO: [Vivado_Tcl 4-198] DRC finished with 0 Errors
INFO: [Vivado_Tcl 4-199] Please refer to the DRC report (report_drc) for more information.

Starting Placer Task
INFO: [Place 30-611] Multithreading enabled for place_design using a maximum of 8 CPUs

Phase 1 Placer Initialization

Phase 1.1 Placer Initialization Netlist Sorting
Netlist sorting complete. Time (s): cpu = 00:00:00 ; elapsed = 00:00:00.01 . Memory (MB): peak = 3227.809 ; gain = 0.000 ; free physical = 2587 ; free virtual = 6526
Phase 1.1 Placer Initialization Netlist Sorting | Checksum: b72b2887

Time (s): cpu = 00:00:00.01 ; elapsed = 00:00:00.11 . Memory (MB): peak = 3227.809 ; gain = 0.000 ; free physical = 2587 ; free virtual = 6526
Netlist sorting complete. Time (s): cpu = 00:00:00 ; elapsed = 00:00:00 . Memory (MB): peak = 3227.809 ; gain = 0.000 ; free physical = 2586 ; free virtual = 6526

Phase 1.2 IO Placement/ Clock Placement/ Build Placer Device
Phase 1.2 IO Placement/ Clock Placement/ Build Placer Device | Checksum: 75b0150f

Time (s): cpu = 00:00:00.43 ; elapsed = 00:00:00.37 . Memory (MB): peak = 3227.809 ; gain = 0.000 ; free physical = 2614 ; free virtual = 6557

Phase 1.3 Build Placer Netlist Model
Phase 1.3 Build Placer Netlist Model | Checksum: 16e8ba529

Time (s): cpu = 00:00:01 ; elapsed = 00:00:00.63 . Memory (MB): peak = 3227.809 ; gain = 0.000 ; free physical = 2609 ; free virtual = 6554

Phase 1.4 Constrain Clocks/Macros
Phase 1.4 Constrain Clocks/Macros | Checksum: 16e8ba529

Time (s): cpu = 00:00:01 ; elapsed = 00:00:00.64 . Memory (MB): peak = 3227.809 ; gain = 0.000 ; free physical = 2610 ; free virtual = 6555
Phase 1 Placer Initialization | Checksum: 16e8ba529

Time (s): cpu = 00:00:01 ; elapsed = 00:00:00.66 . Memory (MB): peak = 3227.809 ; gain = 0.000 ; free physical = 2611 ; free virtual = 6556

Phase 2 Global Placement

Phase 2.1 Floorplanning
Phase 2.1 Floorplanning | Checksum: 137a03b7c

Time (s): cpu = 00:00:01 ; elapsed = 00:00:00.76 . Memory (MB): peak = 3227.809 ; gain = 0.000 ; free physical = 2607 ; free virtual = 6553

Phase 2.2 Update Timing before SLR Path Opt
Phase 2.2 Update Timing before SLR Path Opt | Checksum: 11c910b90

Time (s): cpu = 00:00:02 ; elapsed = 00:00:00.81 . Memory (MB): peak = 3227.809 ; gain = 0.000 ; free physical = 2608 ; free virtual = 6554

Phase 2.3 Post-Processing in Floorplanning
Phase 2.3 Post-Processing in Floorplanning | Checksum: 11c910b90

Time (s): cpu = 00:00:02 ; elapsed = 00:00:00.81 . Memory (MB): peak = 3227.809 ; gain = 0.000 ; free physical = 2608 ; free virtual = 6554

Phase 2.4 Global Placement Core

Phase 2.4.1 Physical Synthesis In Placer
INFO: [Physopt 32-1035] Found 4 LUTNM shape to break, 14 LUT instances to create LUTNM shape
INFO: [Physopt 32-1044] Break lutnm for timing: one critical 3, two critical 1, total 4, new lutff created 2
INFO: [Physopt 32-1138] End 1 Pass. Optimized 10 nets or LUTs. Breaked 4 LUTs, combined 6 existing LUTs and moved 0 existing LUT
INFO: [Physopt 32-65] No nets found for high-fanout optimization.
INFO: [Physopt 32-232] Optimized 0 net. Created 0 new instance.
INFO: [Physopt 32-775] End 1 Pass. Optimized 0 net or cell. Created 0 new cell, deleted 0 existing cell and moved 0 existing cell
INFO: [Physopt 32-456] No candidate cells for DSP register optimization found in the design.
INFO: [Physopt 32-775] End 2 Pass. Optimized 0 net or cell. Created 0 new cell, deleted 0 existing cell and moved 0 existing cell
INFO: [Physopt 32-1123] No candidate cells found for Shift Register to Pipeline optimization
INFO: [Physopt 32-775] End 1 Pass. Optimized 0 net or cell. Created 0 new cell, deleted 0 existing cell and moved 0 existing cell
INFO: [Physopt 32-677] No candidate cells for Shift Register optimization found in the design
INFO: [Physopt 32-775] End 1 Pass. Optimized 0 net or cell. Created 0 new cell, deleted 0 existing cell and moved 0 existing cell
INFO: [Physopt 32-526] No candidate cells for BRAM register optimization found in the design
INFO: [Physopt 32-775] End 1 Pass. Optimized 0 net or cell. Created 0 new cell, deleted 0 existing cell and moved 0 existing cell
INFO: [Physopt 32-846] No candidate cells for URAM register optimization found in the design
INFO: [Physopt 32-775] End 2 Pass. Optimized 0 net or cell. Created 0 new cell, deleted 0 existing cell and moved 0 existing cell
INFO: [Physopt 32-949] No candidate nets found for dynamic/static region interface net replication
INFO: [Physopt 32-775] End 1 Pass. Optimized 0 net or cell. Created 0 new cell, deleted 0 existing cell and moved 0 existing cell
Netlist sorting complete. Time (s): cpu = 00:00:00 ; elapsed = 00:00:00 . Memory (MB): peak = 3227.809 ; gain = 0.000 ; free physical = 2583 ; free virtual = 6521

Summary of Physical Synthesis Optimizations
============================================


-----------------------------------------------------------------------------------------------------------------------------------------------------------
|  Optimization                                     |  Added Cells  |  Removed Cells  |  Optimized Cells/Nets  |  Dont Touch  |  Iterations  |  Elapsed   |
-----------------------------------------------------------------------------------------------------------------------------------------------------------
|  LUT Combining                                    |            4  |              6  |                    10  |           0  |           1  |  00:00:00  |
|  Retime                                           |            0  |              0  |                     0  |           0  |           1  |  00:00:00  |
|  Very High Fanout                                 |            0  |              0  |                     0  |           0  |           1  |  00:00:00  |
|  DSP Register                                     |            0  |              0  |                     0  |           0  |           1  |  00:00:00  |
|  Shift Register to Pipeline                       |            0  |              0  |                     0  |           0  |           1  |  00:00:00  |
|  Shift Register                                   |            0  |              0  |                     0  |           0  |           1  |  00:00:00  |
|  BRAM Register                                    |            0  |              0  |                     0  |           0  |           1  |  00:00:00  |
|  URAM Register                                    |            0  |              0  |                     0  |           0  |           1  |  00:00:00  |
|  Dynamic/Static Region Interface Net Replication  |            0  |              0  |                     0  |           0  |           1  |  00:00:00  |
|  Total                                            |            4  |              6  |                    10  |           0  |           9  |  00:00:00  |
-----------------------------------------------------------------------------------------------------------------------------------------------------------


Phase 2.4.1 Physical Synthesis In Placer | Checksum: 1fe321451

Time (s): cpu = 00:00:09 ; elapsed = 00:00:03 . Memory (MB): peak = 3227.809 ; gain = 0.000 ; free physical = 2584 ; free virtual = 6522
Phase 2.4 Global Placement Core | Checksum: 19a3abc57

Time (s): cpu = 00:00:10 ; elapsed = 00:00:03 . Memory (MB): peak = 3227.809 ; gain = 0.000 ; free physical = 2588 ; free virtual = 6527
Phase 2 Global Placement | Checksum: 19a3abc57

Time (s): cpu = 00:00:10 ; elapsed = 00:00:03 . Memory (MB): peak = 3227.809 ; gain = 0.000 ; free physical = 2588 ; free virtual = 6527

Phase 3 Detail Placement

Phase 3.1 Commit Multi Column Macros
Phase 3.1 Commit Multi Column Macros | Checksum: 205ad536c

Time (s): cpu = 00:00:10 ; elapsed = 00:00:03 . Memory (MB): peak = 3227.809 ; gain = 0.000 ; free physical = 2588 ; free virtual = 6527

Phase 3.2 Commit Most Macros & LUTRAMs
Phase 3.2 Commit Most Macros & LUTRAMs | Checksum: 26d258a87

Time (s): cpu = 00:00:10 ; elapsed = 00:00:03 . Memory (MB): peak = 3227.809 ; gain = 0.000 ; free physical = 2585 ; free virtual = 6524

Phase 3.3 Area Swap Optimization
Phase 3.3 Area Swap Optimization | Checksum: 2095211d5

Time (s): cpu = 00:00:11 ; elapsed = 00:00:03 . Memory (MB): peak = 3227.809 ; gain = 0.000 ; free physical = 2585 ; free virtual = 6524

Phase 3.4 Pipeline Register Optimization
Phase 3.4 Pipeline Register Optimization | Checksum: 2219b2ecb

Time (s): cpu = 00:00:11 ; elapsed = 00:00:03 . Memory (MB): peak = 3227.809 ; gain = 0.000 ; free physical = 2585 ; free virtual = 6524

Phase 3.5 Fast Optimization
Phase 3.5 Fast Optimization | Checksum: 237d62c02

Time (s): cpu = 00:00:11 ; elapsed = 00:00:03 . Memory (MB): peak = 3227.809 ; gain = 0.000 ; free physical = 2583 ; free virtual = 6522

Phase 3.6 Small Shape Detail Placement
Phase 3.6 Small Shape Detail Placement | Checksum: 28d730fa7

Time (s): cpu = 00:00:12 ; elapsed = 00:00:04 . Memory (MB): peak = 3227.809 ; gain = 0.000 ; free physical = 2584 ; free virtual = 6523

Phase 3.7 Re-assign LUT pins
Phase 3.7 Re-assign LUT pins | Checksum: 2086e577e

Time (s): cpu = 00:00:12 ; elapsed = 00:00:04 . Memory (MB): peak = 3227.809 ; gain = 0.000 ; free physical = 2584 ; free virtual = 6523

Phase 3.8 Pipeline Register Optimization
Phase 3.8 Pipeline Register Optimization | Checksum: 1a14d33a4

Time (s): cpu = 00:00:12 ; elapsed = 00:00:04 . Memory (MB): peak = 3227.809 ; gain = 0.000 ; free physical = 2584 ; free virtual = 6523

Phase 3.9 Fast Optimization
Phase 3.9 Fast Optimization | Checksum: 254806b84

Time (s): cpu = 00:00:12 ; elapsed = 00:00:04 . Memory (MB): peak = 3227.809 ; gain = 0.000 ; free physical = 2584 ; free virtual = 6523
Phase 3 Detail Placement | Checksum: 254806b84

Time (s): cpu = 00:00:12 ; elapsed = 00:00:04 . Memory (MB): peak = 3227.809 ; gain = 0.000 ; free physical = 2584 ; free virtual = 6523

Phase 4 Post Placement Optimization and Clean-Up

Phase 4.1 Post Commit Optimization
INFO: [Timing 38-35] Done setting XDC timing constraints.

Phase 4.1.1 Post Placement Optimization
Post Placement Optimization Initialization | Checksum: 241f6379d

Phase 4.1.1.1 BUFG Insertion

Starting Physical Synthesis Task

Phase 1 Physical Synthesis Initialization
INFO: [Physopt 32-721] Multithreading enabled for phys_opt_design using a maximum of 8 CPUs
INFO: [Physopt 32-619] Estimated Timing Summary | WNS=-1.983 | TNS=-14.694 |
Phase 1 Physical Synthesis Initialization | Checksum: 1f973de71

Time (s): cpu = 00:00:00.06 ; elapsed = 00:00:00.02 . Memory (MB): peak = 3227.809 ; gain = 0.000 ; free physical = 2583 ; free virtual = 6522
INFO: [Place 46-56] BUFG insertion identified 0 candidate nets. Inserted BUFG: 0, Replicated BUFG Driver: 0, Skipped due to Placement/Routing Conflicts: 0, Skipped due to Timing Degradation: 0, Skipped due to Illegal Netlist: 0.
Ending Physical Synthesis Task | Checksum: 28f15e77d

Time (s): cpu = 00:00:00.06 ; elapsed = 00:00:00.03 . Memory (MB): peak = 3227.809 ; gain = 0.000 ; free physical = 2583 ; free virtual = 6522
Phase 4.1.1.1 BUFG Insertion | Checksum: 241f6379d

Time (s): cpu = 00:00:13 ; elapsed = 00:00:04 . Memory (MB): peak = 3227.809 ; gain = 0.000 ; free physical = 2583 ; free virtual = 6522

Phase 4.1.1.2 Post Placement Timing Optimization
INFO: [Place 30-746] Post Placement Timing Summary WNS=-1.976. For the most accurate timing information please run report_timing.
Phase 4.1.1.2 Post Placement Timing Optimization | Checksum: 217c6d4ef

Time (s): cpu = 00:00:15 ; elapsed = 00:00:06 . Memory (MB): peak = 3227.809 ; gain = 0.000 ; free physical = 2609 ; free virtual = 6532

Time (s): cpu = 00:00:15 ; elapsed = 00:00:06 . Memory (MB): peak = 3227.809 ; gain = 0.000 ; free physical = 2609 ; free virtual = 6532
Phase 4.1 Post Commit Optimization | Checksum: 217c6d4ef

Time (s): cpu = 00:00:15 ; elapsed = 00:00:06 . Memory (MB): peak = 3227.809 ; gain = 0.000 ; free physical = 2609 ; free virtual = 6532

Phase 4.2 Post Placement Cleanup
Phase 4.2 Post Placement Cleanup | Checksum: 217c6d4ef

Time (s): cpu = 00:00:15 ; elapsed = 00:00:06 . Memory (MB): peak = 3227.809 ; gain = 0.000 ; free physical = 2603 ; free virtual = 6533

Phase 4.3 Placer Reporting

Phase 4.3.1 Print Estimated Congestion
INFO: [Place 30-612] Post-Placement Estimated Congestion 
 ____________________________________________________
|           | Global Congestion | Short Congestion  |
| Direction | Region Size       | Region Size       |
|___________|___________________|___________________|
|      North|                1x1|                1x1|
|___________|___________________|___________________|
|      South|                1x1|                1x1|
|___________|___________________|___________________|
|       East|                1x1|                1x1|
|___________|___________________|___________________|
|       West|                1x1|                1x1|
|___________|___________________|___________________|

Phase 4.3.1 Print Estimated Congestion | Checksum: 217c6d4ef

Time (s): cpu = 00:00:15 ; elapsed = 00:00:06 . Memory (MB): peak = 3227.809 ; gain = 0.000 ; free physical = 2595 ; free virtual = 6533
Phase 4.3 Placer Reporting | Checksum: 217c6d4ef

Time (s): cpu = 00:00:15 ; elapsed = 00:00:06 . Memory (MB): peak = 3227.809 ; gain = 0.000 ; free physical = 2595 ; free virtual = 6533

Phase 4.4 Final Placement Cleanup
Netlist sorting complete. Time (s): cpu = 00:00:00 ; elapsed = 00:00:00 . Memory (MB): peak = 3227.809 ; gain = 0.000 ; free physical = 2595 ; free virtual = 6533

Time (s): cpu = 00:00:15 ; elapsed = 00:00:06 . Memory (MB): peak = 3227.809 ; gain = 0.000 ; free physical = 2595 ; free virtual = 6533
Phase 4 Post Placement Optimization and Clean-Up | Checksum: 17febf5d5

Time (s): cpu = 00:00:15 ; elapsed = 00:00:06 . Memory (MB): peak = 3227.809 ; gain = 0.000 ; free physical = 2595 ; free virtual = 6533
Ending Placer Task | Checksum: 10859b11a

Time (s): cpu = 00:00:15 ; elapsed = 00:00:06 . Memory (MB): peak = 3227.809 ; gain = 0.000 ; free physical = 2595 ; free virtual = 6533
INFO: [Common 17-83] Releasing license: Implementation
34 Infos, 0 Warnings, 0 Critical Warnings and 0 Errors encountered.
place_design completed successfully
place_design: Time (s): cpu = 00:00:16 ; elapsed = 00:00:07 . Memory (MB): peak = 3227.809 ; gain = 0.000 ; free physical = 2622 ; free virtual = 6561
# report_clock_utilization -file $outputDir/clock_util.rpt
# if {[get_property SLACK [get_timing_paths -max_paths 1 -nworst 1 -setup]] < 0} {
#  puts "Found setup timing violations => running physical optimization"
#  phys_opt_design
# }
Found setup timing violations => running physical optimization
Command: phys_opt_design
Attempting to get a license for feature 'Implementation' and/or device 'xc7a100t'
INFO: [Common 17-349] Got license for feature 'Implementation' and/or device 'xc7a100t'
INFO: [Vivado_Tcl 4-1435] PhysOpt_Tcl_Interface Runtime Before Starting Physical Synthesis Task | CPU: 0.01s |  WALL: 0.02s
Netlist sorting complete. Time (s): cpu = 00:00:00 ; elapsed = 00:00:00 . Memory (MB): peak = 3227.809 ; gain = 0.000 ; free physical = 2588 ; free virtual = 6527

Starting Physical Synthesis Task

Phase 1 Physical Synthesis Initialization
INFO: [Physopt 32-721] Multithreading enabled for phys_opt_design using a maximum of 8 CPUs
INFO: [Physopt 32-619] Estimated Timing Summary | WNS=-1.976 | TNS=-3.596 |
Phase 1 Physical Synthesis Initialization | Checksum: 17fe1f0d5

Time (s): cpu = 00:00:00.75 ; elapsed = 00:00:00.27 . Memory (MB): peak = 3227.809 ; gain = 0.000 ; free physical = 2584 ; free virtual = 6524
INFO: [Physopt 32-619] Estimated Timing Summary | WNS=-1.976 | TNS=-3.596 |

Phase 2 DSP Register Optimization
INFO: [Physopt 32-456] No candidate cells for DSP register optimization found in the design.
INFO: [Physopt 32-775] End 2 Pass. Optimized 0 net or cell. Created 0 new cell, deleted 0 existing cell and moved 0 existing cell
Phase 2 DSP Register Optimization | Checksum: 17fe1f0d5

Time (s): cpu = 00:00:00.79 ; elapsed = 00:00:00.32 . Memory (MB): peak = 3227.809 ; gain = 0.000 ; free physical = 2583 ; free virtual = 6523

Phase 3 Critical Path Optimization
INFO: [Physopt 32-619] Estimated Timing Summary | WNS=-1.976 | TNS=-3.596 |
INFO: [Physopt 32-702] Processed net my_frame_assembler/logicalin_reg_n_0. Optimizations did not improve timing on the net.
INFO: [Physopt 32-702] Processed net receiver_spdif_clock/clk_out3_clk_wiz_receiver. Optimizations did not improve timing on the net.
INFO: [Physopt 32-710] Processed net my_frame_assembler/logicalin_i_1_n_0. Critical path length was reduced through logic transformation on cell my_frame_assembler/logicalin_i_1_comp.
INFO: [Physopt 32-735] Processed net my_frame_assembler/logicalin. Optimization improves timing on the net.
INFO: [Physopt 32-619] Estimated Timing Summary | WNS=-1.620 | TNS=-3.103 |
INFO: [Physopt 32-702] Processed net my_frame_assembler/evenparitytracker_reg_n_0. Optimizations did not improve timing on the net.
INFO: [Physopt 32-710] Processed net my_frame_assembler/evenparitytracker_i_1__0_n_0. Critical path length was reduced through logic transformation on cell my_frame_assembler/evenparitytracker_i_1__0_comp.
INFO: [Physopt 32-735] Processed net my_frame_assembler/logicalin00_in. Optimization improves timing on the net.
INFO: [Physopt 32-619] Estimated Timing Summary | WNS=-1.483 | TNS=-2.042 |
INFO: [Physopt 32-710] Processed net my_frame_assembler/logicalin_i_1_n_0. Critical path length was reduced through logic transformation on cell my_frame_assembler/logicalin_i_1_comp_1.
INFO: [Physopt 32-735] Processed net my_frame_assembler/logicalin00_in. Optimization improves timing on the net.
INFO: [Physopt 32-619] Estimated Timing Summary | WNS=-0.684 | TNS=-1.243 |
INFO: [Physopt 32-702] Processed net my_frame_assembler/logicalin_i_1_n_0. Optimizations did not improve timing on the net.
INFO: [Physopt 32-702] Processed net fif0/U0/inst_fifo_gen/gconvfifo.rf/grf.rf/gntv_or_sync_fifo.mem/gbm.gbmg.gbmga.ngecc.bmg/inst_blk_mem_gen/gnbram.gnativebmg.native_blk_mem_gen/valid.cstr/ramloop[0].ram.r/prim_noinit.ram/dout[0]. Optimizations did not improve timing on the net.
INFO: [Physopt 32-702] Processed net my_frame_assembler/logicalin_reg_n_0. Optimizations did not improve timing on the net.
INFO: [Physopt 32-702] Processed net receiver_spdif_clock/clk_out3_clk_wiz_receiver. Optimizations did not improve timing on the net.
INFO: [Physopt 32-702] Processed net my_frame_assembler/logicalin_i_1_n_0. Optimizations did not improve timing on the net.
INFO: [Physopt 32-702] Processed net fif0/U0/inst_fifo_gen/gconvfifo.rf/grf.rf/gntv_or_sync_fifo.mem/gbm.gbmg.gbmga.ngecc.bmg/inst_blk_mem_gen/gnbram.gnativebmg.native_blk_mem_gen/valid.cstr/ramloop[0].ram.r/prim_noinit.ram/dout[0]. Optimizations did not improve timing on the net.
INFO: [Physopt 32-619] Estimated Timing Summary | WNS=-0.684 | TNS=-1.243 |
Phase 3 Critical Path Optimization | Checksum: 17fe1f0d5

Time (s): cpu = 00:00:03 ; elapsed = 00:00:01 . Memory (MB): peak = 3227.809 ; gain = 0.000 ; free physical = 2565 ; free virtual = 6519

Phase 4 Critical Path Optimization
INFO: [Physopt 32-619] Estimated Timing Summary | WNS=-0.684 | TNS=-1.243 |
INFO: [Physopt 32-702] Processed net my_frame_assembler/logicalin_reg_n_0. Optimizations did not improve timing on the net.
INFO: [Physopt 32-702] Processed net receiver_spdif_clock/clk_out3_clk_wiz_receiver. Optimizations did not improve timing on the net.
INFO: [Physopt 32-702] Processed net my_frame_assembler/logicalin_i_1_n_0. Optimizations did not improve timing on the net.
INFO: [Physopt 32-702] Processed net fif0/U0/inst_fifo_gen/gconvfifo.rf/grf.rf/gntv_or_sync_fifo.mem/gbm.gbmg.gbmga.ngecc.bmg/inst_blk_mem_gen/gnbram.gnativebmg.native_blk_mem_gen/valid.cstr/ramloop[0].ram.r/prim_noinit.ram/dout[0]. Optimizations did not improve timing on the net.
INFO: [Physopt 32-702] Processed net my_frame_assembler/logicalin_reg_n_0. Optimizations did not improve timing on the net.
INFO: [Physopt 32-702] Processed net receiver_spdif_clock/clk_out3_clk_wiz_receiver. Optimizations did not improve timing on the net.
INFO: [Physopt 32-702] Processed net my_frame_assembler/logicalin_i_1_n_0. Optimizations did not improve timing on the net.
INFO: [Physopt 32-702] Processed net fif0/U0/inst_fifo_gen/gconvfifo.rf/grf.rf/gntv_or_sync_fifo.mem/gbm.gbmg.gbmga.ngecc.bmg/inst_blk_mem_gen/gnbram.gnativebmg.native_blk_mem_gen/valid.cstr/ramloop[0].ram.r/prim_noinit.ram/dout[0]. Optimizations did not improve timing on the net.
INFO: [Physopt 32-619] Estimated Timing Summary | WNS=-0.684 | TNS=-1.243 |
Phase 4 Critical Path Optimization | Checksum: 17fe1f0d5

Time (s): cpu = 00:00:04 ; elapsed = 00:00:01 . Memory (MB): peak = 3227.809 ; gain = 0.000 ; free physical = 2563 ; free virtual = 6517
Netlist sorting complete. Time (s): cpu = 00:00:00 ; elapsed = 00:00:00 . Memory (MB): peak = 3227.809 ; gain = 0.000 ; free physical = 2563 ; free virtual = 6517
INFO: [Physopt 32-603] Post Physical Optimization Timing Summary | WNS=-0.684 | TNS=-1.243 |

Summary of Physical Synthesis Optimizations
============================================


-------------------------------------------------------------------------------------------------------------------------------------------------------------
|  Optimization   |  WNS Gain (ns)  |  TNS Gain (ns)  |  Added Cells  |  Removed Cells  |  Optimized Cells/Nets  |  Dont Touch  |  Iterations  |  Elapsed   |
-------------------------------------------------------------------------------------------------------------------------------------------------------------
|  DSP Register   |          0.000  |          0.000  |            0  |              0  |                     0  |           0  |           1  |  00:00:00  |
|  Critical Path  |          1.292  |          2.353  |            0  |              0  |                     3  |           0  |           2  |  00:00:01  |
|  Total          |          1.292  |          2.353  |            0  |              0  |                     3  |           0  |           3  |  00:00:01  |
-------------------------------------------------------------------------------------------------------------------------------------------------------------


Netlist sorting complete. Time (s): cpu = 00:00:00 ; elapsed = 00:00:00 . Memory (MB): peak = 3227.809 ; gain = 0.000 ; free physical = 2563 ; free virtual = 6517
Ending Physical Synthesis Task | Checksum: f3f7e90b

Time (s): cpu = 00:00:04 ; elapsed = 00:00:01 . Memory (MB): peak = 3227.809 ; gain = 0.000 ; free physical = 2563 ; free virtual = 6517
INFO: [Common 17-83] Releasing license: Implementation
39 Infos, 0 Warnings, 0 Critical Warnings and 0 Errors encountered.
phys_opt_design completed successfully
# write_checkpoint -force $outputDir/post_place.dcp
INFO: [Timing 38-480] Writing timing data to binary archive.
Writing XDEF routing.
Writing XDEF routing logical nets.
Writing XDEF routing special nets.
Write XDEF Complete: Time (s): cpu = 00:00:00.2 ; elapsed = 00:00:00.06 . Memory (MB): peak = 3227.809 ; gain = 0.000 ; free physical = 2561 ; free virtual = 6517
INFO: [Common 17-1381] The checkpoint '/home/builder/Documents/optical_project/fpga2/obj/post_place.dcp' has been generated.
# report_utilization -file $outputDir/post_place_util.rpt
# report_timing_summary -file $outputDir/post_place_timing_summary.rpt
# report_timing -file $outputDir/post_place_timing.rpt
INFO: [Timing 38-78] ReportTimingParams: -max_paths 1 -nworst 1 -delay_type max -sort_by slack.
# route_design -directive Explore
Command: route_design -directive Explore
Attempting to get a license for feature 'Implementation' and/or device 'xc7a100t'
INFO: [Common 17-349] Got license for feature 'Implementation' and/or device 'xc7a100t'
INFO: [DRC 23-27] Running DRC with 8 threads
INFO: [Vivado_Tcl 4-198] DRC finished with 0 Errors
INFO: [Vivado_Tcl 4-199] Please refer to the DRC report (report_drc) for more information.
Running DRC as a precondition to command route_design
INFO: [DRC 23-27] Running DRC with 8 threads
INFO: [Vivado_Tcl 4-198] DRC finished with 0 Errors
INFO: [Vivado_Tcl 4-199] Please refer to the DRC report (report_drc) for more information.


Starting Routing Task
INFO: [Route 35-270] Using Router directive 'Explore'.
INFO: [Route 35-254] Multithreading enabled for route_design using a maximum of 8 CPUs

Phase 1 Build RT Design
Checksum: PlaceDB: 5278518f ConstDB: 0 ShapeSum: 15309aac RouteDB: 0
Post Restoration Checksum: NetGraph: 3848d4d8 NumContArr: 4f92de57 Constraints: 0 Timing: 0
Phase 1 Build RT Design | Checksum: 87dbb32f

Time (s): cpu = 00:00:24 ; elapsed = 00:00:21 . Memory (MB): peak = 3227.809 ; gain = 0.000 ; free physical = 2474 ; free virtual = 6400

Phase 2 Router Initialization

Phase 2.1 Fix Topology Constraints
Phase 2.1 Fix Topology Constraints | Checksum: 87dbb32f

Time (s): cpu = 00:00:24 ; elapsed = 00:00:21 . Memory (MB): peak = 3227.809 ; gain = 0.000 ; free physical = 2424 ; free virtual = 6368

Phase 2.2 Pre Route Cleanup
Phase 2.2 Pre Route Cleanup | Checksum: 87dbb32f

Time (s): cpu = 00:00:24 ; elapsed = 00:00:21 . Memory (MB): peak = 3227.809 ; gain = 0.000 ; free physical = 2424 ; free virtual = 6368
 Number of Nodes with overlaps = 0

Phase 2.3 Update Timing
Phase 2.3 Update Timing | Checksum: 258bd7ba1

Time (s): cpu = 00:00:25 ; elapsed = 00:00:21 . Memory (MB): peak = 3227.809 ; gain = 0.000 ; free physical = 2409 ; free virtual = 6353
INFO: [Route 35-416] Intermediate Timing Summary | WNS=-0.667 | TNS=-1.208 | WHS=-0.587 | THS=-26.259|


Router Utilization Summary
  Global Vertical Routing Utilization    = 0 %
  Global Horizontal Routing Utilization  = 0 %
  Routable Net Status*
  *Does not include unroutable nets such as driverless and loadless.
  Run report_route_status for detailed report.
  Number of Failed Nets               = 566
    (Failed Nets is the sum of unrouted and partially routed nets)
  Number of Unrouted Nets             = 566
  Number of Partially Routed Nets     = 0
  Number of Node Overlaps             = 0

Phase 2 Router Initialization | Checksum: 186dff64e

Time (s): cpu = 00:00:25 ; elapsed = 00:00:22 . Memory (MB): peak = 3227.809 ; gain = 0.000 ; free physical = 2408 ; free virtual = 6353

Phase 3 Initial Routing

Phase 3.1 Global Routing
Phase 3.1 Global Routing | Checksum: 186dff64e

Time (s): cpu = 00:00:25 ; elapsed = 00:00:22 . Memory (MB): peak = 3227.809 ; gain = 0.000 ; free physical = 2408 ; free virtual = 6353
Phase 3 Initial Routing | Checksum: 25b7633d2

Time (s): cpu = 00:00:28 ; elapsed = 00:00:24 . Memory (MB): peak = 3227.809 ; gain = 0.000 ; free physical = 2406 ; free virtual = 6335
INFO: [Route 35-580] Design has 33 pins with tight setup and hold constraints.

The top 5 pins with tight setup and hold constraints:

+===========================+===========================+=====================================================================================================================================================================================================================================================+
| Launch Setup Clock        | Launch Hold Clock         | Pin                                                                                                                                                                                                                                                 |
+===========================+===========================+=====================================================================================================================================================================================================================================================+
| clk_out3_clk_wiz_receiver | clk_out3_clk_wiz_receiver | my_frame_assembler/logicalin_reg/D                                                                                                                                                                                                                  |
| clk_out3_clk_wiz_receiver | clk_out3_clk_wiz_receiver | my_frame_assembler/evenparitytracker_reg/D                                                                                                                                                                                                          |
| clk_out1_clk_wiz_receiver | clk_out1_clk_wiz_receiver | fif0/U0/inst_fifo_gen/gconvfifo.rf/grf.rf/gntv_or_sync_fifo.mem/gbm.gbmg.gbmga.ngecc.bmg/inst_blk_mem_gen/gnbram.gnativebmg.native_blk_mem_gen/valid.cstr/ramloop[0].ram.r/prim_noinit.ram/DEVICE_7SERIES.NO_BMM_INFO.SDP.SIMPLE_PRIM18.ram/ENBWREN |
| clk_out3_clk_wiz_receiver | clk_out3_clk_wiz_receiver | my_frame_assembler/FSM_sequential_subframestate_reg[2]/D                                                                                                                                                                                            |
| clk_out1_clk_wiz_receiver | clk_out1_clk_wiz_receiver | fif0/U0/inst_fifo_gen/gconvfifo.rf/grf.rf/gntv_or_sync_fifo.gl0.rd/grss.rsts/ram_empty_i_reg/D                                                                                                                                                      |
+---------------------------+---------------------------+-----------------------------------------------------------------------------------------------------------------------------------------------------------------------------------------------------------------------------------------------------+

File with complete list of pins: tight_setup_hold_pins.txt


Phase 4 Rip-up And Reroute

Phase 4.1 Global Iteration 0
 Number of Nodes with overlaps = 43
 Number of Nodes with overlaps = 0
INFO: [Route 35-416] Intermediate Timing Summary | WNS=-0.826 | TNS=-10.929| WHS=N/A    | THS=N/A    |

Phase 4.1 Global Iteration 0 | Checksum: 6e7a31ed

Time (s): cpu = 00:00:36 ; elapsed = 00:00:31 . Memory (MB): peak = 3227.809 ; gain = 0.000 ; free physical = 2394 ; free virtual = 6339

Phase 4.2 Global Iteration 1
 Number of Nodes with overlaps = 11
 Number of Nodes with overlaps = 0
INFO: [Route 35-416] Intermediate Timing Summary | WNS=-0.826 | TNS=-7.897 | WHS=N/A    | THS=N/A    |

Phase 4.2 Global Iteration 1 | Checksum: 13b497621

Time (s): cpu = 00:00:36 ; elapsed = 00:00:31 . Memory (MB): peak = 3227.809 ; gain = 0.000 ; free physical = 2395 ; free virtual = 6339

Phase 4.3 Global Iteration 2
 Number of Nodes with overlaps = 3
 Number of Nodes with overlaps = 0
INFO: [Route 35-416] Intermediate Timing Summary | WNS=-0.826 | TNS=-16.031| WHS=N/A    | THS=N/A    |

Phase 4.3 Global Iteration 2 | Checksum: 1e1166aa4

Time (s): cpu = 00:00:36 ; elapsed = 00:00:32 . Memory (MB): peak = 3227.809 ; gain = 0.000 ; free physical = 2401 ; free virtual = 6347
Phase 4 Rip-up And Reroute | Checksum: 1e1166aa4

Time (s): cpu = 00:00:36 ; elapsed = 00:00:32 . Memory (MB): peak = 3227.809 ; gain = 0.000 ; free physical = 2401 ; free virtual = 6347

Phase 5 Delay and Skew Optimization

Phase 5.1 Delay CleanUp

Phase 5.1.1 Update Timing
Phase 5.1.1 Update Timing | Checksum: 16c79889f

Time (s): cpu = 00:00:36 ; elapsed = 00:00:32 . Memory (MB): peak = 3227.809 ; gain = 0.000 ; free physical = 2401 ; free virtual = 6347
INFO: [Route 35-416] Intermediate Timing Summary | WNS=-0.826 | TNS=-16.031| WHS=N/A    | THS=N/A    |

 Number of Nodes with overlaps = 0
Phase 5.1 Delay CleanUp | Checksum: 127b0f4ab

Time (s): cpu = 00:00:36 ; elapsed = 00:00:32 . Memory (MB): peak = 3227.809 ; gain = 0.000 ; free physical = 2401 ; free virtual = 6347

Phase 5.2 Clock Skew Optimization
Phase 5.2 Clock Skew Optimization | Checksum: 127b0f4ab

Time (s): cpu = 00:00:36 ; elapsed = 00:00:32 . Memory (MB): peak = 3227.809 ; gain = 0.000 ; free physical = 2401 ; free virtual = 6347
Phase 5 Delay and Skew Optimization | Checksum: 127b0f4ab

Time (s): cpu = 00:00:36 ; elapsed = 00:00:32 . Memory (MB): peak = 3227.809 ; gain = 0.000 ; free physical = 2401 ; free virtual = 6347

Phase 6 Post Hold Fix

Phase 6.1 Hold Fix Iter

Phase 6.1.1 Update Timing
Phase 6.1.1 Update Timing | Checksum: 150001927

Time (s): cpu = 00:00:36 ; elapsed = 00:00:32 . Memory (MB): peak = 3227.809 ; gain = 0.000 ; free physical = 2401 ; free virtual = 6347
INFO: [Route 35-416] Intermediate Timing Summary | WNS=-0.813 | TNS=-16.016| WHS=0.059  | THS=0.000  |

Phase 6.1 Hold Fix Iter | Checksum: 150001927

Time (s): cpu = 00:00:36 ; elapsed = 00:00:32 . Memory (MB): peak = 3227.809 ; gain = 0.000 ; free physical = 2401 ; free virtual = 6347
Phase 6 Post Hold Fix | Checksum: 150001927

Time (s): cpu = 00:00:36 ; elapsed = 00:00:32 . Memory (MB): peak = 3227.809 ; gain = 0.000 ; free physical = 2401 ; free virtual = 6347

Phase 7 Timing Verification

Phase 7.1 Update Timing
Phase 7.1 Update Timing | Checksum: 157a2264e

Time (s): cpu = 00:00:37 ; elapsed = 00:00:32 . Memory (MB): peak = 3227.809 ; gain = 0.000 ; free physical = 2401 ; free virtual = 6347
INFO: [Route 35-416] Intermediate Timing Summary | WNS=-0.813 | TNS=-16.016| WHS=N/A    | THS=N/A    |

Phase 7 Timing Verification | Checksum: 157a2264e

Time (s): cpu = 00:00:37 ; elapsed = 00:00:32 . Memory (MB): peak = 3227.809 ; gain = 0.000 ; free physical = 2401 ; free virtual = 6347

Phase 8 Route finalize

Router Utilization Summary
  Global Vertical Routing Utilization    = 0.0664578 %
  Global Horizontal Routing Utilization  = 0.0809889 %
  Routable Net Status*
  *Does not include unroutable nets such as driverless and loadless.
  Run report_route_status for detailed report.
  Number of Failed Nets               = 0
    (Failed Nets is the sum of unrouted and partially routed nets)
  Number of Unrouted Nets             = 0
  Number of Partially Routed Nets     = 0
  Number of Node Overlaps             = 0

Congestion Report
North Dir 1x1 Area, Max Cong = 26.1261%, No Congested Regions.
South Dir 1x1 Area, Max Cong = 20.7207%, No Congested Regions.
East Dir 1x1 Area, Max Cong = 25%, No Congested Regions.
West Dir 1x1 Area, Max Cong = 27.9412%, No Congested Regions.

------------------------------
Reporting congestion hotspots
------------------------------
Direction: North
----------------
Congested clusters found at Level 0
Effective congestion level: 0 Aspect Ratio: 1 Sparse Ratio: 0
Direction: South
----------------
Congested clusters found at Level 0
Effective congestion level: 0 Aspect Ratio: 1 Sparse Ratio: 0
Direction: East
----------------
Congested clusters found at Level 0
Effective congestion level: 0 Aspect Ratio: 1 Sparse Ratio: 0
Direction: West
----------------
Congested clusters found at Level 0
Effective congestion level: 0 Aspect Ratio: 1 Sparse Ratio: 0

Phase 8 Route finalize | Checksum: 157a2264e

Time (s): cpu = 00:00:37 ; elapsed = 00:00:32 . Memory (MB): peak = 3227.809 ; gain = 0.000 ; free physical = 2401 ; free virtual = 6347

Phase 9 Verifying routed nets

 Verification completed successfully
Phase 9 Verifying routed nets | Checksum: 157a2264e

Time (s): cpu = 00:00:37 ; elapsed = 00:00:32 . Memory (MB): peak = 3227.809 ; gain = 0.000 ; free physical = 2400 ; free virtual = 6346

Phase 10 Depositing Routes
Phase 10 Depositing Routes | Checksum: 98f57c58

Time (s): cpu = 00:00:37 ; elapsed = 00:00:32 . Memory (MB): peak = 3227.809 ; gain = 0.000 ; free physical = 2400 ; free virtual = 6346

Phase 11 Incr Placement Change
Netlist sorting complete. Time (s): cpu = 00:00:00 ; elapsed = 00:00:00.01 . Memory (MB): peak = 3227.809 ; gain = 0.000 ; free physical = 2447 ; free virtual = 6393
INFO: [Place 30-746] Post Placement Timing Summary WNS=-0.813. For the most accurate timing information please run report_timing.
Ending IncrPlace Task | Checksum: e1fd5a7c

Time (s): cpu = 00:00:05 ; elapsed = 00:00:04 . Memory (MB): peak = 3227.809 ; gain = 0.000 ; free physical = 2496 ; free virtual = 6426
Phase 11 Incr Placement Change | Checksum: 98f57c58

Time (s): cpu = 00:00:42 ; elapsed = 00:00:36 . Memory (MB): peak = 3227.809 ; gain = 0.000 ; free physical = 2479 ; free virtual = 6426

Phase 12 Build RT Design
Phase 12 Build RT Design | Checksum: d62f1e54

Time (s): cpu = 00:00:42 ; elapsed = 00:00:36 . Memory (MB): peak = 3227.809 ; gain = 0.000 ; free physical = 2448 ; free virtual = 6395

Phase 13 Router Initialization

Phase 13.1 Fix Topology Constraints
Phase 13.1 Fix Topology Constraints | Checksum: d62f1e54

Time (s): cpu = 00:00:42 ; elapsed = 00:00:36 . Memory (MB): peak = 3227.809 ; gain = 0.000 ; free physical = 2418 ; free virtual = 6364

Phase 13.2 Pre Route Cleanup
Phase 13.2 Pre Route Cleanup | Checksum: 19812001e

Time (s): cpu = 00:00:42 ; elapsed = 00:00:36 . Memory (MB): peak = 3227.809 ; gain = 0.000 ; free physical = 2418 ; free virtual = 6364

Phase 13.3 Update Timing
Phase 13.3 Update Timing | Checksum: 170fda958

Time (s): cpu = 00:00:43 ; elapsed = 00:00:37 . Memory (MB): peak = 3227.809 ; gain = 0.000 ; free physical = 2421 ; free virtual = 6367
INFO: [Route 35-416] Intermediate Timing Summary | WNS=-0.802 | TNS=-1.295 | WHS=-0.587 | THS=-29.287|

Phase 13 Router Initialization | Checksum: 1e1deb386

Time (s): cpu = 00:00:43 ; elapsed = 00:00:37 . Memory (MB): peak = 3227.809 ; gain = 0.000 ; free physical = 2420 ; free virtual = 6367

Phase 14 Initial Routing

Phase 14.1 Global Routing
Phase 14.1 Global Routing | Checksum: 1e1deb386

Time (s): cpu = 00:00:43 ; elapsed = 00:00:37 . Memory (MB): peak = 3227.809 ; gain = 0.000 ; free physical = 2420 ; free virtual = 6367
Phase 14 Initial Routing | Checksum: 151678703

Time (s): cpu = 00:00:44 ; elapsed = 00:00:37 . Memory (MB): peak = 3227.809 ; gain = 0.000 ; free physical = 2412 ; free virtual = 6359
INFO: [Route 35-580] Design has 27 pins with tight setup and hold constraints.

The top 5 pins with tight setup and hold constraints:

+===========================+===========================+=====================================================================================================================================================================================================================================================+
| Launch Setup Clock        | Launch Hold Clock         | Pin                                                                                                                                                                                                                                                 |
+===========================+===========================+=====================================================================================================================================================================================================================================================+
| clk_out3_clk_wiz_receiver | clk_out3_clk_wiz_receiver | my_frame_assembler/logicalin_reg/D                                                                                                                                                                                                                  |
| clk_out3_clk_wiz_receiver | clk_out3_clk_wiz_receiver | my_frame_assembler/evenparitytracker_reg/D                                                                                                                                                                                                          |
| clk_out3_clk_wiz_receiver | clk_out3_clk_wiz_receiver | my_frame_assembler/previousbit_reg/D                                                                                                                                                                                                                |
| clk_out1_clk_wiz_receiver | clk_out1_clk_wiz_receiver | fif0/U0/inst_fifo_gen/gconvfifo.rf/grf.rf/gntv_or_sync_fifo.mem/gbm.gbmg.gbmga.ngecc.bmg/inst_blk_mem_gen/gnbram.gnativebmg.native_blk_mem_gen/valid.cstr/ramloop[0].ram.r/prim_noinit.ram/DEVICE_7SERIES.NO_BMM_INFO.SDP.SIMPLE_PRIM18.ram/ENBWREN |
| clk_out1_clk_wiz_receiver | clk_out1_clk_wiz_receiver | fif0/U0/inst_fifo_gen/gconvfifo.rf/grf.rf/gntv_or_sync_fifo.gl0.rd/grss.rsts/ram_empty_fb_i_reg/D                                                                                                                                                   |
+---------------------------+---------------------------+-----------------------------------------------------------------------------------------------------------------------------------------------------------------------------------------------------------------------------------------------------+

File with complete list of pins: tight_setup_hold_pins.txt


Phase 15 Rip-up And Reroute

Phase 15.1 Global Iteration 0
INFO: [Route 35-416] Intermediate Timing Summary | WNS=-1.308 | TNS=-17.411| WHS=N/A    | THS=N/A    |

Phase 15.1 Global Iteration 0 | Checksum: 128a6ff33

Time (s): cpu = 00:02:01 ; elapsed = 00:01:51 . Memory (MB): peak = 3227.809 ; gain = 0.000 ; free physical = 2378 ; free virtual = 6309

Phase 15.2 Global Iteration 1
INFO: [Route 35-416] Intermediate Timing Summary | WNS=-1.363 | TNS=-17.399| WHS=N/A    | THS=N/A    |

Phase 15.2 Global Iteration 1 | Checksum: 1410d6850

Time (s): cpu = 00:02:01 ; elapsed = 00:01:51 . Memory (MB): peak = 3227.809 ; gain = 0.000 ; free physical = 2373 ; free virtual = 6320
Phase 15 Rip-up And Reroute | Checksum: 1410d6850

Time (s): cpu = 00:02:01 ; elapsed = 00:01:51 . Memory (MB): peak = 3227.809 ; gain = 0.000 ; free physical = 2373 ; free virtual = 6320

Phase 16 Delay and Skew Optimization

Phase 16.1 Delay CleanUp

Phase 16.1.1 Update Timing
Phase 16.1.1 Update Timing | Checksum: 141a9e020

Time (s): cpu = 00:02:01 ; elapsed = 00:01:51 . Memory (MB): peak = 3227.809 ; gain = 0.000 ; free physical = 2373 ; free virtual = 6320
INFO: [Route 35-416] Intermediate Timing Summary | WNS=-1.308 | TNS=-17.411| WHS=N/A    | THS=N/A    |

Phase 16.1 Delay CleanUp | Checksum: 1099052a7

Time (s): cpu = 00:02:01 ; elapsed = 00:01:51 . Memory (MB): peak = 3227.809 ; gain = 0.000 ; free physical = 2373 ; free virtual = 6320

Phase 16.2 Clock Skew Optimization
Phase 16.2 Clock Skew Optimization | Checksum: 1099052a7

Time (s): cpu = 00:02:01 ; elapsed = 00:01:51 . Memory (MB): peak = 3227.809 ; gain = 0.000 ; free physical = 2373 ; free virtual = 6320
Phase 16 Delay and Skew Optimization | Checksum: 1099052a7

Time (s): cpu = 00:02:01 ; elapsed = 00:01:51 . Memory (MB): peak = 3227.809 ; gain = 0.000 ; free physical = 2373 ; free virtual = 6320

Phase 17 Post Hold Fix

Phase 17.1 Hold Fix Iter

Phase 17.1.1 Update Timing
Phase 17.1.1 Update Timing | Checksum: 193294ad7

Time (s): cpu = 00:02:02 ; elapsed = 00:01:51 . Memory (MB): peak = 3227.809 ; gain = 0.000 ; free physical = 2373 ; free virtual = 6320
INFO: [Route 35-416] Intermediate Timing Summary | WNS=-1.308 | TNS=-17.371| WHS=0.076  | THS=0.000  |

Phase 17.1 Hold Fix Iter | Checksum: 193294ad7

Time (s): cpu = 00:02:02 ; elapsed = 00:01:51 . Memory (MB): peak = 3227.809 ; gain = 0.000 ; free physical = 2373 ; free virtual = 6320
Phase 17 Post Hold Fix | Checksum: 193294ad7

Time (s): cpu = 00:02:02 ; elapsed = 00:01:51 . Memory (MB): peak = 3227.809 ; gain = 0.000 ; free physical = 2373 ; free virtual = 6320

Phase 18 Timing Verification

Phase 18.1 Update Timing
Phase 18.1 Update Timing | Checksum: 1c2d64696

Time (s): cpu = 00:02:02 ; elapsed = 00:01:51 . Memory (MB): peak = 3227.809 ; gain = 0.000 ; free physical = 2373 ; free virtual = 6320
INFO: [Route 35-416] Intermediate Timing Summary | WNS=-1.308 | TNS=-17.371| WHS=N/A    | THS=N/A    |

Phase 18 Timing Verification | Checksum: 1c2d64696

Time (s): cpu = 00:02:02 ; elapsed = 00:01:51 . Memory (MB): peak = 3227.809 ; gain = 0.000 ; free physical = 2373 ; free virtual = 6320

Phase 19 Reset Design
INFO: [Route 35-307] 575 nets already restored were skipped.
Phase 19 Reset Design | Checksum: 98f57c58

Time (s): cpu = 00:02:02 ; elapsed = 00:01:51 . Memory (MB): peak = 3227.809 ; gain = 0.000 ; free physical = 2415 ; free virtual = 6362

Phase 20 Post Router Timing
INFO: [Route 35-20] Post Routing Timing Summary | WNS=-0.813 | TNS=-16.057| WHS=0.058  | THS=0.000  |

Phase 20 Post Router Timing | Checksum: 12a5f3c25

Time (s): cpu = 00:02:02 ; elapsed = 00:01:52 . Memory (MB): peak = 3227.809 ; gain = 0.000 ; free physical = 2414 ; free virtual = 6361
CRITICAL WARNING: [Route 35-39] The design did not meet timing requirements. Please run report_timing_summary for detailed reports.
Resolution: Verify that the timing was met or had small violations at all previous steps (synthesis, placement, power_opt, and phys_opt). Run report_timing_summary and analyze individual timing paths.
INFO: [Route 35-253] TNS is the sum of the worst slack violation on every endpoint in the design. Review the paths with the biggest WNS violations in the timing reports and modify your constraints or your design to improve both WNS and TNS.
INFO: [Route 35-16] Router Completed Successfully

Time (s): cpu = 00:02:02 ; elapsed = 00:01:52 . Memory (MB): peak = 3227.809 ; gain = 0.000 ; free physical = 2531 ; free virtual = 6478
INFO: [Common 17-83] Releasing license: Implementation
30 Infos, 0 Warnings, 1 Critical Warnings and 0 Errors encountered.
route_design completed successfully
route_design: Time (s): cpu = 00:02:03 ; elapsed = 00:01:52 . Memory (MB): peak = 3227.809 ; gain = 0.000 ; free physical = 2531 ; free virtual = 6478
# write_checkpoint -force $outputDir/post_route.dcp
INFO: [Timing 38-480] Writing timing data to binary archive.
Writing XDEF routing.
Writing XDEF routing logical nets.
Writing XDEF routing special nets.
Write XDEF Complete: Time (s): cpu = 00:00:00.24 ; elapsed = 00:00:00.08 . Memory (MB): peak = 3227.809 ; gain = 0.000 ; free physical = 2526 ; free virtual = 6475
INFO: [Common 17-1381] The checkpoint '/home/builder/Documents/optical_project/fpga2/obj/post_route.dcp' has been generated.
# report_route_status -file $outputDir/post_route_status.rpt
# report_timing_summary -file $outputDir/post_route_timing_summary.rpt
# report_timing -file $outputDir/post_route_timing.rpt
INFO: [Timing 38-78] ReportTimingParams: -max_paths 1 -nworst 1 -delay_type max -sort_by slack.
# report_power -file $outputDir/post_route_power.rpt
Command: report_power -file obj/post_route_power.rpt
Running Vector-less Activity Propagation...

Finished Running Vector-less Activity Propagation
0 Infos, 0 Warnings, 0 Critical Warnings and 0 Errors encountered.
report_power completed successfully
# report_drc -file $outputDir/post_imp_drc.rpt
Command: report_drc -file obj/post_imp_drc.rpt
INFO: [IP_Flow 19-1839] IP Catalog is up to date.
INFO: [DRC 23-27] Running DRC with 8 threads
INFO: [Vivado_Tcl 2-168] The results of DRC are in file /home/builder/Documents/optical_project/fpga2/obj/post_imp_drc.rpt.
report_drc completed successfully
# write_verilog -force $outputDir/cpu_impl_netlist.v -mode timesim -sdf_anno true
# write_bitstream -force $outputDir/out.bit
Command: write_bitstream -force obj/out.bit
Attempting to get a license for feature 'Implementation' and/or device 'xc7a100t'
INFO: [Common 17-349] Got license for feature 'Implementation' and/or device 'xc7a100t'
Running DRC as a precondition to command write_bitstream
INFO: [IP_Flow 19-1839] IP Catalog is up to date.
INFO: [DRC 23-27] Running DRC with 8 threads
WARNING: [DRC CFGBVS-1] Missing CFGBVS and CONFIG_VOLTAGE Design Properties: Neither the CFGBVS nor CONFIG_VOLTAGE voltage property is set in the current_design.  Configuration bank voltage select (CFGBVS) must be set to VCCO or GND, and CONFIG_VOLTAGE must be set to the correct configuration voltage, in order to determine the I/O voltage support for the pins in bank 0.  It is suggested to specify these either using the 'Edit Device Properties' function in the GUI or directly in the XDC file using the following syntax:

 set_property CFGBVS value1 [current_design]
 #where value1 is either VCCO or GND

 set_property CONFIG_VOLTAGE value2 [current_design]
 #where value2 is the voltage provided to configuration bank 0

Refer to the device configuration user guide for more information.
WARNING: [DRC RTSTAT-10] No routable loads: 2 net(s) have no routable loads. The problem bus(es) and/or net(s) are fif0/U0/inst_fifo_gen/gconvfifo.rf/grf.rf/gntv_or_sync_fifo.gl0.wr/gwss.wsts/ram_afull_fb, and fif0/U0/inst_fifo_gen/gconvfifo.rf/grf.rf/gntv_or_sync_fifo.gl0.wr/gwss.wsts/ram_afull_i.
INFO: [Vivado 12-3199] DRC finished with 0 Errors, 2 Warnings
INFO: [Vivado 12-3200] Please refer to the DRC report (report_drc) for more information.
INFO: [Designutils 20-2272] Running write_bitstream with 8 threads.
Loading data files...
Loading site data...
Loading route data...
Processing options...
Creating bitmap...
Creating bitstream...
Writing bitstream obj/out.bit...
INFO: [Vivado 12-1842] Bitgen Completed Successfully.
INFO: [Project 1-1876] WebTalk data collection is mandatory when using a ULT device. To see the specific WebTalk data collected for your design, open the usage_statistics_webtalk.html or usage_statistics_webtalk.xml file in the implementation directory.
INFO: [Common 17-83] Releasing license: Implementation
9 Infos, 2 Warnings, 0 Critical Warnings and 0 Errors encountered.
write_bitstream completed successfully
write_bitstream: Time (s): cpu = 00:00:09 ; elapsed = 00:00:10 . Memory (MB): peak = 3308.230 ; gain = 55.375 ; free physical = 2507 ; free virtual = 6462
INFO: [Common 17-206] Exiting Vivado at Tue Dec 13 14:40:12 2022...
