#-----------------------------------------------------------
# Vivado v2022.1 (64-bit)
# SW Build 3526262 on Mon Apr 18 15:48:16 MDT 2022
# IP Build 3524634 on Mon Apr 18 20:55:01 MDT 2022
# Start of session at: Sun Nov 13 14:42:18 2022
# Process ID: 21844
# Current directory: C:/Users/ericb/Documents/6.111/FINAL PROJECT
# Command line: vivado.exe -mode batch -source build.tcl
# Log file: C:/Users/ericb/Documents/6.111/FINAL PROJECT/vivado.log
# Journal file: C:/Users/ericb/Documents/6.111/FINAL PROJECT\vivado.jou
# Running On: LAPTOP-BE41R870, OS: Windows, CPU Frequency: 3302 MHz, CPU Physical cores: 4, Host memory: 16952 MB
#-----------------------------------------------------------
source build.tcl
# set partNum xc7a100tcsg324-1
# set outputDir obj
# file mkdir $outputDir
# set files [glob -nocomplain "$outputDir/*"]
# if {[llength $files] != 0} {
#     # clear folder contents
#     puts "deleting contents of $outputDir"
#     file delete -force {*}[glob -directory $outputDir *];
# } else {
#     puts "$outputDir is empty"
# }
obj is empty
# read_verilog -sv [ glob ./src/*.sv ]
read_verilog: Time (s): cpu = 00:00:16 ; elapsed = 00:00:19 . Memory (MB): peak = 1284.152 ; gain = 0.000
# read_xdc ./xdc/top_level.xdc
# set_part $partNum
INFO: [Coretcl 2-1500] The part has been set to 'xc7a100tcsg324-1' for the current project only. Run set_part -help for more details. To evaluate different speed grades in the current design, use the set_speed_grade command, or use the open_checkpoint -part command to change the part used by an existing checkpoint design.
# synth_design -top top_level -part $partNum -verbose
Command: synth_design -top top_level -part xc7a100tcsg324-1 -verbose
Starting synth_design
Attempting to get a license for feature 'Synthesis' and/or device 'xc7a100t'
INFO: [Common 17-349] Got license for feature 'Synthesis' and/or device 'xc7a100t'
INFO: [Device 21-403] Loading part xc7a100tcsg324-1
INFO: [Synth 8-7079] Multithreading enabled for synth_design using a maximum of 2 processes.
INFO: [Synth 8-7078] Launching helper process for spawning children vivado processes
INFO: [Synth 8-7075] Helper process launched with PID 40124
ERROR: [Synth 8-2715] syntax error near = [C:/Users/ericb/Documents/6.111/FINAL PROJECT/src/top_level.sv:10]
INFO: [Synth 8-8750] module 'top_level' ignored due to previous errors [C:/Users/ericb/Documents/6.111/FINAL PROJECT/src/top_level.sv:12]
Failed to read verilog 'C:/Users/ericb/Documents/6.111/FINAL PROJECT/src/top_level.sv'
INFO: [Common 17-83] Releasing license: Synthesis
7 Infos, 0 Warnings, 0 Critical Warnings and 2 Errors encountered.
synth_design failed
ERROR: [Common 17-69] Command failed: Synthesis failed - please see the console or run log file for details
INFO: [Common 17-206] Exiting Vivado at Sun Nov 13 14:43:31 2022...
