#! /c/Source/iverilog-install/bin/vvp
:ivl_version "12.0 (devel)" "(s20150603-1539-g2693dd32b)";
:ivl_delay_selection "TYPICAL";
:vpi_time_precision - 12;
:vpi_module "C:\iverilog\lib\ivl\system.vpi";
:vpi_module "C:\iverilog\lib\ivl\vhdl_sys.vpi";
:vpi_module "C:\iverilog\lib\ivl\vhdl_textio.vpi";
:vpi_module "C:\iverilog\lib\ivl\v2005_math.vpi";
:vpi_module "C:\iverilog\lib\ivl\va_math.vpi";
:vpi_module "C:\iverilog\lib\ivl\v2009.vpi";
S_000001f477663e40 .scope package, "$unit" "$unit" 2 1;
 .timescale 0 0;
S_000001f477606dd0 .scope module, "frame_dismantle_tb" "frame_dismantle_tb" 3 4;
 .timescale -9 -12;
v000001f4776ae440_0 .net "bmc_dout", 0 0, v000001f477752650_0;  1 drivers
v000001f4776ae260_0 .net "bmc_frame_counter", 7 0, v000001f477752330_0;  1 drivers
v000001f4776ae1c0_0 .net "bmc_vout", 0 0, v000001f477752970_0;  1 drivers
v000001f4776ad540_0 .net "channeldout", 191 0, v000001f4776ad5e0_0;  1 drivers
v000001f4776ae4e0_0 .net "channelvout", 0 0, v000001f4776adfe0_0;  1 drivers
v000001f4776ae300_0 .var "clk", 0 0;
v000001f4776add60_0 .net "dauxout", 3 0, v000001f4776acaa0_0;  1 drivers
v000001f4776acc80_0 .var "din", 0 0;
v000001f4776ace60_0 .net "done", 0 0, v000001f4776ae080_0;  1 drivers
v000001f4776ae3a0_0 .net "dout", 19 0, v000001f4776ac960_0;  1 drivers
v000001f4776acf00_0 .net "in_channel", 0 0, v000001f4776070f0_0;  1 drivers
v000001f4776aca00_0 .net "kill", 0 0, v000001f4776adae0_0;  1 drivers
v000001f4776ad0e0_0 .net "out_channel", 0 0, L_000001f47763fa20;  1 drivers
v000001f4776ad680_0 .var "rst", 0 0;
v000001f4776ad860_0 .var "test3_channelA", 63 0;
v000001f4776ad180_0 .var "test3_channelB", 63 0;
v000001f4776ad220_0 .var "test3_channelZ", 63 0;
v000001f4776ad720_0 .net "vauxout", 0 0, v000001f4776acbe0_0;  1 drivers
v000001f4776ad2c0_0 .var "vin", 0 0;
v000001f4776ad360_0 .net "vout", 0 0, v000001f4776adb80_0;  1 drivers
S_000001f477606f60 .scope begin, "$ivl_for_loop0" "$ivl_for_loop0" 3 67, 3 67 0, S_000001f477606dd0;
 .timescale -9 -12;
v000001f477648ef0_0 .var/2s "i", 31 0;
S_000001f47761ca40 .scope begin, "$ivl_for_loop1" "$ivl_for_loop1" 3 69, 3 69 0, S_000001f477606f60;
 .timescale -9 -12;
v000001f477655770_0 .var/2s "j", 31 0;
S_000001f47761cbd0 .scope begin, "$ivl_for_loop2" "$ivl_for_loop2" 3 74, 3 74 0, S_000001f477606f60;
 .timescale -9 -12;
v000001f477663fd0_0 .var/2s "j", 31 0;
S_000001f477636c20 .scope begin, "$ivl_for_loop3" "$ivl_for_loop3" 3 79, 3 79 0, S_000001f477606f60;
 .timescale -9 -12;
v000001f477662b00_0 .var/2s "j", 31 0;
S_000001f477636db0 .scope begin, "$ivl_for_loop4" "$ivl_for_loop4" 3 85, 3 85 0, S_000001f477606dd0;
 .timescale -9 -12;
v000001f477636fe0_0 .var/2s "i", 31 0;
S_000001f4775c2720 .scope begin, "$ivl_for_loop5" "$ivl_for_loop5" 3 87, 3 87 0, S_000001f477636db0;
 .timescale -9 -12;
v000001f477655490_0 .var/2s "j", 31 0;
S_000001f4775c28b0 .scope begin, "$ivl_for_loop6" "$ivl_for_loop6" 3 92, 3 92 0, S_000001f477636db0;
 .timescale -9 -12;
v000001f477655530_0 .var/2s "j", 31 0;
S_000001f4775c2a40 .scope begin, "$ivl_for_loop7" "$ivl_for_loop7" 3 97, 3 97 0, S_000001f477636db0;
 .timescale -9 -12;
v000001f477636f40_0 .var/2s "j", 31 0;
S_000001f477752010 .scope module, "my_biphasemark_decode" "biphasemark_decode" 3 29, 4 4 0, S_000001f477606dd0;
 .timescale -9 -12;
    .port_info 0 /INPUT 1 "clk";
    .port_info 1 /INPUT 1 "rst";
    .port_info 2 /INPUT 1 "vin";
    .port_info 3 /INPUT 1 "din";
    .port_info 4 /OUTPUT 1 "dout";
    .port_info 5 /OUTPUT 1 "vout";
    .port_info 6 /OUTPUT 8 "frame_counter";
    .port_info 7 /OUTPUT 1 "channel";
enum000001f477648b20 .enum2 (8)
   "START0" 232,
   "START1" 23,
   "LEFT0" 226,
   "LEFT1" 29,
   "RIGHT0" 228,
   "RIGHT1" 27
 ;
v000001f47761cd60_0 .var "bmc_buffer", 1 0;
v000001f47761ce00_0 .var "bmc_counter", 0 0;
v000001f4776070f0_0 .var "channel", 0 0;
v000001f4777528d0_0 .net "clk", 0 0, v000001f4776ae300_0;  1 drivers
v000001f477752dd0_0 .var "data_counter", 6 0;
v000001f477752bf0_0 .net "din", 0 0, v000001f4776acc80_0;  1 drivers
v000001f477752650_0 .var "dout", 0 0;
v000001f477752330_0 .var "frame_counter", 7 0;
v000001f477752b50_0 .var "has_preamble_ended", 0 0;
v000001f477752790_0 .var "preamble_buffer", 7 0;
v000001f4777530f0_0 .var "preamble_counter", 7 0;
v000001f477752c90_0 .net "rst", 0 0, v000001f4776ad680_0;  1 drivers
v000001f477752290_0 .net "vin", 0 0, v000001f4776ad2c0_0;  1 drivers
v000001f477752970_0 .var "vout", 0 0;
E_000001f477666770 .event posedge, v000001f4777528d0_0;
S_000001f4777535b0 .scope module, "my_frame_dismantle" "frame_dismantle" 3 24, 5 4 0, S_000001f477606dd0;
 .timescale -9 -12;
    .port_info 0 /INPUT 1 "clk";
    .port_info 1 /INPUT 1 "rst";
    .port_info 2 /INPUT 1 "vin";
    .port_info 3 /INPUT 1 "din";
    .port_info 4 /INPUT 8 "frame_counter";
    .port_info 5 /INPUT 1 "in_channel";
    .port_info 6 /OUTPUT 1 "out_channel";
    .port_info 7 /OUTPUT 20 "dout";
    .port_info 8 /OUTPUT 1 "vout";
    .port_info 9 /OUTPUT 4 "dauxout";
    .port_info 10 /OUTPUT 1 "vauxout";
    .port_info 11 /OUTPUT 192 "channeldout";
    .port_info 12 /OUTPUT 1 "channelvout";
    .port_info 13 /OUTPUT 1 "done";
    .port_info 14 /OUTPUT 1 "kill";
enum000001f477648010 .enum2/s (32)
   "AUX" 0,
   "DATA" 1,
   "VALID" 2,
   "USER" 3,
   "CHANNEL" 4,
   "PARITY" 5
 ;
L_000001f47763fa20 .functor BUFZ 1, v000001f4776070f0_0, C4<0>, C4<0>, C4<0>;
v000001f477752ab0_0 .var "aux_buffer", 3 0;
v000001f477752d30_0 .var "axiid_crc", 7 0;
v000001f4776ae580_0 .var "axiiv_crc", 0 0;
v000001f4776acfa0_0 .net "axiod_crc", 7 0, L_000001f47763fda0;  1 drivers
v000001f4776ade00_0 .var "channel_buffer", 191 0;
v000001f4776adc20_0 .var "channel_counter", 2 0;
v000001f4776ad5e0_0 .var "channeldout", 191 0;
v000001f4776adfe0_0 .var "channelvout", 0 0;
v000001f4776ac820_0 .net "clk", 0 0, v000001f4776ae300_0;  alias, 1 drivers
v000001f4776ad040_0 .var "data_buffer", 19 0;
v000001f4776acaa0_0 .var "dauxout", 3 0;
v000001f4776ac780_0 .net "din", 0 0, v000001f477752650_0;  alias, 1 drivers
v000001f4776ae080_0 .var "done", 0 0;
v000001f4776ac960_0 .var "dout", 19 0;
v000001f4776adea0_0 .var "evenparitytracker", 0 0;
v000001f4776acd20_0 .net "frame_counter", 7 0, v000001f477752330_0;  alias, 1 drivers
v000001f4776ac8c0_0 .net "in_channel", 0 0, v000001f4776070f0_0;  alias, 1 drivers
v000001f4776acb40_0 .var "invalid", 0 0;
v000001f4776adae0_0 .var "kill", 0 0;
v000001f4776adcc0_0 .net "out_channel", 0 0, L_000001f47763fa20;  alias, 1 drivers
v000001f4776adf40_0 .net "rst", 0 0, v000001f4776ad680_0;  alias, 1 drivers
v000001f4776ae120_0 .var "soft_reset_i", 0 0;
v000001f4776ae620_0 .var "subframe_counter", 4 0;
v000001f4776ada40_0 .var/2s "subframestate", 31 0;
v000001f4776acbe0_0 .var "vauxout", 0 0;
v000001f4776acdc0_0 .net "vin", 0 0, v000001f477752970_0;  alias, 1 drivers
v000001f4776adb80_0 .var "vout", 0 0;
S_000001f477753840 .scope module, "my_crc_calc" "crc_calc" 5 56, 6 4 0, S_000001f4777535b0;
 .timescale -9 -12;
    .port_info 0 /INPUT 1 "clk_i";
    .port_info 1 /INPUT 1 "rst_i";
    .port_info 2 /INPUT 1 "soft_reset_i";
    .port_info 3 /INPUT 1 "valid_i";
    .port_info 4 /INPUT 8 "data_i";
    .port_info 5 /OUTPUT 8 "crc_o";
P_000001f4777539d0 .param/l "CRC_SIZE" 0 6 6, +C4<00000000000000000000000000001000>;
P_000001f477753a08 .param/l "DATA_WIDTH" 0 6 7, +C4<00000000000000000000000000001000>;
P_000001f477753a40 .param/l "INIT" 0 6 8, C4<0000000000000000000000000000000000000000000000000000000011111111>;
P_000001f477753a78 .param/l "POLY" 0 6 5, C4<0000000000000000000000000000000000000000000000000000000000011101>;
P_000001f477753ab0 .param/l "REF_IN" 0 6 9, +C4<00000000000000000000000000000001>;
P_000001f477753ae8 .param/l "REF_OUT" 0 6 10, +C4<00000000000000000000000000000001>;
P_000001f477753b20 .param/l "XOR_OUT" 0 6 11, C4<0000000000000000000000000000000000000000000000000000000000000000>;
L_000001f47775be98 .functor BUFT 1, C4<00000000>, C4<0>, C4<0>, C4<0>;
L_000001f47763fda0 .functor XOR 8, v000001f477752fb0_0, L_000001f47775be98, C4<00000000>, C4<00000000>;
v000001f477752830_0 .net/2u *"_ivl_0", 7 0, L_000001f47775be98;  1 drivers
v000001f4777523d0_0 .net "clk_i", 0 0, v000001f4776ae300_0;  alias, 1 drivers
v000001f477752fb0_0 .var "crc", 7 0;
v000001f477753050_0 .var "crc_next", 7 0;
v000001f477752a10_0 .net "crc_o", 7 0, L_000001f47763fda0;  alias, 1 drivers
v000001f477752470_0 .var "crc_prev", 7 0;
v000001f477752510_0 .net "data_i", 7 0, v000001f477752d30_0;  1 drivers
v000001f4777525b0_0 .net "rst_i", 0 0, v000001f4776ad680_0;  alias, 1 drivers
v000001f477752e70_0 .net "soft_reset_i", 0 0, v000001f4776ae120_0;  1 drivers
v000001f4777526f0_0 .net "valid_i", 0 0, v000001f4776ae580_0;  1 drivers
S_000001f477753b60 .scope generate, "ref_out_ref_in" "ref_out_ref_in" 6 39, 6 39 0, S_000001f477753840;
 .timescale -9 -12;
E_000001f477666df0 .event anyedge, v000001f477752fb0_0, v000001f477752470_0, v000001f477752510_0, v000001f477753050_0;
S_000001f477753cf0 .scope begin, "$ivl_for_loop8" "$ivl_for_loop8" 6 45, 6 45 0, S_000001f477753b60;
 .timescale -9 -12;
v000001f4777521f0_0 .var/2s "i", 31 0;
S_000001f4776aba90 .scope begin, "$ivl_for_loop9" "$ivl_for_loop9" 6 48, 6 48 0, S_000001f477753cf0;
 .timescale -9 -12;
v000001f477752f10_0 .var/2s "j", 31 0;
    .scope S_000001f477753b60;
T_0 ;
    %wait E_000001f477666df0;
    %load/vec4 v000001f477752fb0_0;
    %store/vec4 v000001f477753050_0, 0, 8;
    %load/vec4 v000001f477752fb0_0;
    %store/vec4 v000001f477752470_0, 0, 8;
    %fork t_1, S_000001f477753cf0;
    %jmp t_0;
    .scope S_000001f477753cf0;
t_1 ;
    %pushi/vec4 0, 0, 32;
    %store/vec4 v000001f4777521f0_0, 0, 32;
T_0.0 ;
    %load/vec4 v000001f4777521f0_0;
    %cmpi/s 8, 0, 32;
    %jmp/0xz T_0.1, 5;
    %load/vec4 v000001f477752470_0;
    %parti/s 1, 0, 2;
    %load/vec4 v000001f477752510_0;
    %load/vec4 v000001f4777521f0_0;
    %part/s 1;
    %xor;
    %ix/load 4, 7, 0;
    %flag_set/imm 4, 0;
    %store/vec4 v000001f477753050_0, 4, 1;
    %fork t_3, S_000001f4776aba90;
    %jmp t_2;
    .scope S_000001f4776aba90;
t_3 ;
    %pushi/vec4 1, 0, 32;
    %store/vec4 v000001f477752f10_0, 0, 32;
T_0.2 ;
    %load/vec4 v000001f477752f10_0;
    %cmpi/s 8, 0, 32;
    %jmp/0xz T_0.3, 5;
    %pushi/vec4 29, 0, 64;
    %load/vec4 v000001f477752f10_0;
    %part/s 1;
    %flag_set/vec4 8;
    %jmp/0xz  T_0.4, 8;
    %load/vec4 v000001f477752470_0;
    %pushi/vec4 8, 0, 32;
    %load/vec4 v000001f477752f10_0;
    %sub;
    %part/s 1;
    %load/vec4 v000001f477752470_0;
    %parti/s 1, 0, 2;
    %xor;
    %load/vec4 v000001f477752510_0;
    %load/vec4 v000001f4777521f0_0;
    %part/s 1;
    %xor;
    %pushi/vec4 7, 0, 32;
    %load/vec4 v000001f477752f10_0;
    %sub;
    %ix/vec4/s 4;
    %store/vec4 v000001f477753050_0, 4, 1;
    %jmp T_0.5;
T_0.4 ;
    %load/vec4 v000001f477752470_0;
    %pushi/vec4 8, 0, 32;
    %load/vec4 v000001f477752f10_0;
    %sub;
    %part/s 1;
    %pushi/vec4 7, 0, 32;
    %load/vec4 v000001f477752f10_0;
    %sub;
    %ix/vec4/s 4;
    %store/vec4 v000001f477753050_0, 4, 1;
T_0.5 ;
    ; show_stmt_assign_vector: Get l-value for compressed += operand
    %load/vec4 v000001f477752f10_0;
    %pushi/vec4 1, 0, 32;
    %add;
    %cast2;
    %store/vec4 v000001f477752f10_0, 0, 32;
    %jmp T_0.2;
T_0.3 ;
    %end;
    .scope S_000001f477753cf0;
t_2 %join;
    %load/vec4 v000001f477753050_0;
    %store/vec4 v000001f477752470_0, 0, 8;
    ; show_stmt_assign_vector: Get l-value for compressed += operand
    %load/vec4 v000001f4777521f0_0;
    %pushi/vec4 1, 0, 32;
    %add;
    %cast2;
    %store/vec4 v000001f4777521f0_0, 0, 32;
    %jmp T_0.0;
T_0.1 ;
    %end;
    .scope S_000001f477753b60;
t_0 %join;
    %jmp T_0;
    .thread T_0, $push;
    .scope S_000001f477753840;
T_1 ;
    %wait E_000001f477666770;
    %load/vec4 v000001f4777525b0_0;
    %flag_set/vec4 8;
    %jmp/0xz  T_1.0, 8;
    %pushi/vec4 255, 0, 8;
    %assign/vec4 v000001f477752fb0_0, 0;
    %jmp T_1.1;
T_1.0 ;
    %load/vec4 v000001f477752e70_0;
    %flag_set/vec4 8;
    %jmp/0xz  T_1.2, 8;
    %pushi/vec4 255, 0, 8;
    %assign/vec4 v000001f477752fb0_0, 0;
    %jmp T_1.3;
T_1.2 ;
    %load/vec4 v000001f4777526f0_0;
    %flag_set/vec4 8;
    %jmp/0xz  T_1.4, 8;
    %load/vec4 v000001f477753050_0;
    %assign/vec4 v000001f477752fb0_0, 0;
T_1.4 ;
T_1.3 ;
T_1.1 ;
    %jmp T_1;
    .thread T_1;
    .scope S_000001f4777535b0;
T_2 ;
    %wait E_000001f477666770;
    %load/vec4 v000001f4776adf40_0;
    %flag_set/vec4 8;
    %jmp/0xz  T_2.0, 8;
    %pushi/vec4 0, 0, 32;
    %assign/vec4 v000001f4776ada40_0, 0;
    %pushi/vec4 0, 0, 5;
    %assign/vec4 v000001f4776ae620_0, 0;
    %pushi/vec4 0, 0, 4;
    %assign/vec4 v000001f477752ab0_0, 0;
    %pushi/vec4 0, 0, 20;
    %assign/vec4 v000001f4776ad040_0, 0;
    %pushi/vec4 0, 0, 192;
    %assign/vec4 v000001f4776ade00_0, 0;
    %pushi/vec4 0, 0, 1;
    %assign/vec4 v000001f4776ae580_0, 0;
    %pushi/vec4 0, 0, 8;
    %assign/vec4 v000001f477752d30_0, 0;
    %pushi/vec4 0, 0, 1;
    %assign/vec4 v000001f4776acb40_0, 0;
    %pushi/vec4 0, 0, 1;
    %assign/vec4 v000001f4776adea0_0, 0;
    %pushi/vec4 0, 0, 3;
    %assign/vec4 v000001f4776adc20_0, 0;
    %pushi/vec4 0, 0, 1;
    %assign/vec4 v000001f4776adae0_0, 0;
    %pushi/vec4 0, 0, 1;
    %assign/vec4 v000001f4776ae080_0, 0;
    %jmp T_2.1;
T_2.0 ;
    %load/vec4 v000001f4776acdc0_0;
    %flag_set/vec4 8;
    %jmp/0xz  T_2.2, 8;
    %load/vec4 v000001f4776ada40_0;
    %dup/vec4;
    %pushi/vec4 0, 0, 32;
    %cmp/u;
    %jmp/1 T_2.4, 6;
    %dup/vec4;
    %pushi/vec4 1, 0, 32;
    %cmp/u;
    %jmp/1 T_2.5, 6;
    %dup/vec4;
    %pushi/vec4 2, 0, 32;
    %cmp/u;
    %jmp/1 T_2.6, 6;
    %dup/vec4;
    %pushi/vec4 3, 0, 32;
    %cmp/u;
    %jmp/1 T_2.7, 6;
    %dup/vec4;
    %pushi/vec4 4, 0, 32;
    %cmp/u;
    %jmp/1 T_2.8, 6;
    %dup/vec4;
    %pushi/vec4 5, 0, 32;
    %cmp/u;
    %jmp/1 T_2.9, 6;
    %jmp T_2.11;
T_2.4 ;
    %load/vec4 v000001f4776acd20_0;
    %pad/u 32;
    %cmpi/e 0, 0, 32;
    %flag_get/vec4 4;
    %jmp/0 T_2.14, 4;
    %load/vec4 v000001f4776ac8c0_0;
    %nor/r;
    %and;
T_2.14;
    %flag_set/vec4 8;
    %jmp/0 T_2.12, 8;
    %pushi/vec4 0, 0, 192;
    %jmp/1 T_2.13, 8;
T_2.12 ; End of true expr.
    %load/vec4 v000001f4776ade00_0;
    %jmp/0 T_2.13, 8;
 ; End of false expr.
    %blend;
T_2.13;
    %assign/vec4 v000001f4776ade00_0, 0;
    %pushi/vec4 0, 0, 1;
    %assign/vec4 v000001f4776adae0_0, 0;
    %pushi/vec4 0, 0, 1;
    %assign/vec4 v000001f4776ae080_0, 0;
    %pushi/vec4 0, 0, 1;
    %assign/vec4 v000001f4776adb80_0, 0;
    %pushi/vec4 0, 0, 1;
    %assign/vec4 v000001f4776acbe0_0, 0;
    %pushi/vec4 0, 0, 1;
    %assign/vec4 v000001f4776adfe0_0, 0;
    %load/vec4 v000001f4776adea0_0;
    %load/vec4 v000001f4776ac780_0;
    %xor;
    %assign/vec4 v000001f4776adea0_0, 0;
    %load/vec4 v000001f4776ae620_0;
    %addi 1, 0, 5;
    %assign/vec4 v000001f4776ae620_0, 0;
    %load/vec4 v000001f4776ac8c0_0;
    %nor/r;
    %flag_set/vec4 8;
    %jmp/0xz  T_2.15, 8;
    %load/vec4 v000001f477752ab0_0;
    %parti/s 3, 0, 2;
    %load/vec4 v000001f4776ac780_0;
    %concat/vec4; draw_concat_vec4
    %assign/vec4 v000001f477752ab0_0, 0;
T_2.15 ;
    %load/vec4 v000001f4776ae620_0;
    %pad/u 32;
    %cmpi/e 3, 0, 32;
    %jmp/0xz  T_2.17, 4;
    %pushi/vec4 1, 0, 32;
    %assign/vec4 v000001f4776ada40_0, 0;
T_2.17 ;
    %jmp T_2.11;
T_2.5 ;
    %load/vec4 v000001f4776adea0_0;
    %load/vec4 v000001f4776ac780_0;
    %xor;
    %assign/vec4 v000001f4776adea0_0, 0;
    %load/vec4 v000001f4776ae620_0;
    %addi 1, 0, 5;
    %assign/vec4 v000001f4776ae620_0, 0;
    %load/vec4 v000001f4776ac8c0_0;
    %nor/r;
    %flag_set/vec4 8;
    %jmp/0xz  T_2.19, 8;
    %load/vec4 v000001f4776ad040_0;
    %parti/s 19, 0, 2;
    %load/vec4 v000001f4776ac780_0;
    %concat/vec4; draw_concat_vec4
    %assign/vec4 v000001f4776ad040_0, 0;
T_2.19 ;
    %load/vec4 v000001f4776ae620_0;
    %pad/u 32;
    %cmpi/e 23, 0, 32;
    %jmp/0xz  T_2.21, 4;
    %pushi/vec4 2, 0, 32;
    %assign/vec4 v000001f4776ada40_0, 0;
T_2.21 ;
    %jmp T_2.11;
T_2.6 ;
    %load/vec4 v000001f4776adea0_0;
    %load/vec4 v000001f4776ac780_0;
    %xor;
    %assign/vec4 v000001f4776adea0_0, 0;
    %load/vec4 v000001f4776ae620_0;
    %addi 1, 0, 5;
    %assign/vec4 v000001f4776ae620_0, 0;
    %pushi/vec4 3, 0, 32;
    %assign/vec4 v000001f4776ada40_0, 0;
    %load/vec4 v000001f4776ac780_0;
    %flag_set/vec4 8;
    %jmp/0xz  T_2.23, 8;
    %pushi/vec4 1, 0, 1;
    %assign/vec4 v000001f4776acb40_0, 0;
T_2.23 ;
    %jmp T_2.11;
T_2.7 ;
    %load/vec4 v000001f4776adea0_0;
    %load/vec4 v000001f4776ac780_0;
    %xor;
    %assign/vec4 v000001f4776adea0_0, 0;
    %load/vec4 v000001f4776ae620_0;
    %addi 1, 0, 5;
    %assign/vec4 v000001f4776ae620_0, 0;
    %pushi/vec4 4, 0, 32;
    %assign/vec4 v000001f4776ada40_0, 0;
    %jmp T_2.11;
T_2.8 ;
    %load/vec4 v000001f4776adea0_0;
    %load/vec4 v000001f4776ac780_0;
    %xor;
    %assign/vec4 v000001f4776adea0_0, 0;
    %load/vec4 v000001f4776ae620_0;
    %addi 1, 0, 5;
    %assign/vec4 v000001f4776ae620_0, 0;
    %pushi/vec4 5, 0, 32;
    %assign/vec4 v000001f4776ada40_0, 0;
    %load/vec4 v000001f4776acd20_0;
    %pad/u 32;
    %cmpi/u 191, 0, 32;
    %flag_or 5, 4;
    %flag_get/vec4 5;
    %jmp/0 T_2.27, 5;
    %load/vec4 v000001f4776ac8c0_0;
    %nor/r;
    %and;
T_2.27;
    %flag_set/vec4 8;
    %jmp/0xz  T_2.25, 8;
    %load/vec4 v000001f4776ade00_0;
    %parti/s 191, 0, 2;
    %load/vec4 v000001f4776ac780_0;
    %concat/vec4; draw_concat_vec4
    %assign/vec4 v000001f4776ade00_0, 0;
    %load/vec4 v000001f4776adc20_0;
    %pad/u 32;
    %cmpi/e 7, 0, 32;
    %jmp/0xz  T_2.28, 4;
    %pushi/vec4 0, 0, 3;
    %assign/vec4 v000001f4776adc20_0, 0;
    %load/vec4 v000001f4776ade00_0;
    %parti/s 7, 0, 2;
    %load/vec4 v000001f4776ac780_0;
    %concat/vec4; draw_concat_vec4
    %assign/vec4 v000001f477752d30_0, 0;
    %pushi/vec4 1, 0, 1;
    %assign/vec4 v000001f4776ae580_0, 0;
    %jmp T_2.29;
T_2.28 ;
    %load/vec4 v000001f4776adc20_0;
    %addi 1, 0, 3;
    %assign/vec4 v000001f4776adc20_0, 0;
    %pushi/vec4 0, 0, 1;
    %assign/vec4 v000001f4776ae580_0, 0;
T_2.29 ;
T_2.25 ;
    %jmp T_2.11;
T_2.9 ;
    %pushi/vec4 0, 0, 32;
    %assign/vec4 v000001f4776ada40_0, 0;
    %pushi/vec4 0, 0, 1;
    %assign/vec4 v000001f4776ae580_0, 0;
    %pushi/vec4 0, 0, 5;
    %assign/vec4 v000001f4776ae620_0, 0;
    %pushi/vec4 0, 0, 1;
    %assign/vec4 v000001f4776adea0_0, 0;
    %pushi/vec4 0, 0, 4;
    %assign/vec4 v000001f477752ab0_0, 0;
    %pushi/vec4 0, 0, 20;
    %assign/vec4 v000001f4776ad040_0, 0;
    %load/vec4 v000001f4776adea0_0;
    %load/vec4 v000001f4776ac780_0;
    %cmp/e;
    %flag_get/vec4 4;
    %jmp/0 T_2.33, 4;
    %load/vec4 v000001f4776acb40_0;
    %nor/r;
    %and;
T_2.33;
    %flag_set/vec4 9;
    %flag_get/vec4 9;
    %jmp/0 T_2.32, 9;
    %load/vec4 v000001f4776ac8c0_0;
    %nor/r;
    %and;
T_2.32;
    %flag_set/vec4 8;
    %jmp/0xz  T_2.30, 8;
    %load/vec4 v000001f4776ad040_0;
    %assign/vec4 v000001f4776ac960_0, 0;
    %load/vec4 v000001f477752ab0_0;
    %assign/vec4 v000001f4776acaa0_0, 0;
    %pushi/vec4 1, 0, 1;
    %assign/vec4 v000001f4776adb80_0, 0;
    %pushi/vec4 1, 0, 1;
    %assign/vec4 v000001f4776acbe0_0, 0;
T_2.30 ;
    %load/vec4 v000001f4776acd20_0;
    %pad/u 32;
    %cmpi/e 191, 0, 32;
    %flag_get/vec4 4;
    %jmp/0 T_2.36, 4;
    %load/vec4 v000001f4776ac8c0_0;
    %and;
T_2.36;
    %flag_set/vec4 8;
    %jmp/0xz  T_2.34, 8;
    %pushi/vec4 1, 0, 1;
    %assign/vec4 v000001f4776ae080_0, 0;
    %load/vec4 v000001f4776ade00_0;
    %parti/s 8, 0, 2;
    %load/vec4 v000001f4776acfa0_0;
    %cmp/ne;
    %jmp/0xz  T_2.37, 4;
    %pushi/vec4 1, 0, 1;
    %assign/vec4 v000001f4776adae0_0, 0;
    %jmp T_2.38;
T_2.37 ;
    %load/vec4 v000001f4776ade00_0;
    %parti/s 8, 0, 2;
    %pad/u 192;
    %assign/vec4 v000001f4776ad5e0_0, 0;
    %pushi/vec4 1, 0, 1;
    %assign/vec4 v000001f4776adfe0_0, 0;
T_2.38 ;
T_2.34 ;
    %jmp T_2.11;
T_2.11 ;
    %pop/vec4 1;
T_2.2 ;
T_2.1 ;
    %jmp T_2;
    .thread T_2;
    .scope S_000001f477752010;
T_3 ;
    %wait E_000001f477666770;
    %load/vec4 v000001f477752c90_0;
    %flag_set/vec4 8;
    %jmp/0xz  T_3.0, 8;
    %pushi/vec4 0, 0, 8;
    %assign/vec4 v000001f477752330_0, 0;
    %pushi/vec4 0, 0, 1;
    %assign/vec4 v000001f477752b50_0, 0;
    %pushi/vec4 0, 0, 8;
    %assign/vec4 v000001f4777530f0_0, 0;
    %pushi/vec4 0, 0, 2;
    %assign/vec4 v000001f47761cd60_0, 0;
    %pushi/vec4 0, 0, 1;
    %assign/vec4 v000001f4776070f0_0, 0;
    %pushi/vec4 0, 0, 1;
    %assign/vec4 v000001f47761ce00_0, 0;
    %pushi/vec4 0, 0, 7;
    %assign/vec4 v000001f477752dd0_0, 0;
    %pushi/vec4 0, 0, 1;
    %assign/vec4 v000001f477752970_0, 0;
    %jmp T_3.1;
T_3.0 ;
    %load/vec4 v000001f477752b50_0;
    %nor/r;
    %flag_set/vec4 9;
    %flag_get/vec4 9;
    %jmp/0 T_3.4, 9;
    %load/vec4 v000001f477752290_0;
    %and;
T_3.4;
    %flag_set/vec4 8;
    %jmp/0xz  T_3.2, 8;
    %load/vec4 v000001f477752790_0;
    %parti/s 7, 0, 2;
    %load/vec4 v000001f477752bf0_0;
    %concat/vec4; draw_concat_vec4
    %assign/vec4 v000001f477752790_0, 0;
    %pushi/vec4 0, 0, 7;
    %assign/vec4 v000001f477752dd0_0, 0;
    %pushi/vec4 0, 0, 1;
    %assign/vec4 v000001f477752970_0, 0;
    %pushi/vec4 0, 0, 1;
    %assign/vec4 v000001f47761ce00_0, 0;
    %load/vec4 v000001f477752790_0;
    %parti/s 7, 0, 2;
    %load/vec4 v000001f477752bf0_0;
    %concat/vec4; draw_concat_vec4
    %cmpi/e 232, 0, 8;
    %jmp/1 T_3.7, 4;
    %flag_mov 8, 4;
    %load/vec4 v000001f477752790_0;
    %parti/s 7, 0, 2;
    %load/vec4 v000001f477752bf0_0;
    %concat/vec4; draw_concat_vec4
    %cmpi/e 23, 0, 8;
    %flag_or 4, 8;
T_3.7;
    %jmp/0xz  T_3.5, 4;
    %pushi/vec4 1, 0, 1;
    %assign/vec4 v000001f477752b50_0, 0;
    %pushi/vec4 0, 0, 8;
    %assign/vec4 v000001f477752330_0, 0;
    %pushi/vec4 0, 0, 1;
    %assign/vec4 v000001f4776070f0_0, 0;
    %jmp T_3.6;
T_3.5 ;
    %load/vec4 v000001f477752790_0;
    %parti/s 7, 0, 2;
    %load/vec4 v000001f477752bf0_0;
    %concat/vec4; draw_concat_vec4
    %cmpi/e 226, 0, 8;
    %jmp/1 T_3.10, 4;
    %flag_mov 8, 4;
    %load/vec4 v000001f477752790_0;
    %parti/s 7, 0, 2;
    %load/vec4 v000001f477752bf0_0;
    %concat/vec4; draw_concat_vec4
    %cmpi/e 29, 0, 8;
    %flag_or 4, 8;
T_3.10;
    %jmp/0xz  T_3.8, 4;
    %pushi/vec4 1, 0, 1;
    %assign/vec4 v000001f477752b50_0, 0;
    %load/vec4 v000001f477752330_0;
    %addi 1, 0, 8;
    %assign/vec4 v000001f477752330_0, 0;
    %pushi/vec4 0, 0, 1;
    %assign/vec4 v000001f4776070f0_0, 0;
    %jmp T_3.9;
T_3.8 ;
    %load/vec4 v000001f477752790_0;
    %parti/s 7, 0, 2;
    %load/vec4 v000001f477752bf0_0;
    %concat/vec4; draw_concat_vec4
    %cmpi/e 228, 0, 8;
    %jmp/1 T_3.13, 4;
    %flag_mov 8, 4;
    %load/vec4 v000001f477752790_0;
    %parti/s 7, 0, 2;
    %load/vec4 v000001f477752bf0_0;
    %concat/vec4; draw_concat_vec4
    %cmpi/e 27, 0, 8;
    %flag_or 4, 8;
T_3.13;
    %jmp/0xz  T_3.11, 4;
    %pushi/vec4 1, 0, 1;
    %assign/vec4 v000001f477752b50_0, 0;
    %pushi/vec4 1, 0, 1;
    %assign/vec4 v000001f4776070f0_0, 0;
T_3.11 ;
T_3.9 ;
T_3.6 ;
    %jmp T_3.3;
T_3.2 ;
    %load/vec4 v000001f477752b50_0;
    %flag_set/vec4 8;
    %jmp/0xz  T_3.14, 8;
    %load/vec4 v000001f477752dd0_0;
    %addi 1, 0, 7;
    %assign/vec4 v000001f477752dd0_0, 0;
    %load/vec4 v000001f47761ce00_0;
    %inv;
    %store/vec4 v000001f47761ce00_0, 0, 1;
    %load/vec4 v000001f47761cd60_0;
    %parti/s 1, 0, 2;
    %load/vec4 v000001f477752bf0_0;
    %concat/vec4; draw_concat_vec4
    %assign/vec4 v000001f47761cd60_0, 0;
    %load/vec4 v000001f47761ce00_0;
    %pad/u 32;
    %cmpi/e 1, 0, 32;
    %jmp/0xz  T_3.16, 4;
    %load/vec4 v000001f477752dd0_0;
    %pad/u 32;
    %cmpi/u 0, 0, 32;
    %flag_or 5, 4; GT is !LE
    %flag_inv 5;
    %jmp/0xz  T_3.18, 5;
    %pushi/vec4 1, 0, 1;
    %assign/vec4 v000001f477752970_0, 0;
    %load/vec4 v000001f47761cd60_0;
    %parti/s 1, 1, 2;
    %load/vec4 v000001f47761cd60_0;
    %parti/s 1, 0, 2;
    %cmp/e;
    %jmp/0xz  T_3.20, 4;
    %pushi/vec4 0, 0, 1;
    %assign/vec4 v000001f477752650_0, 0;
    %jmp T_3.21;
T_3.20 ;
    %load/vec4 v000001f47761cd60_0;
    %parti/s 1, 1, 2;
    %load/vec4 v000001f47761cd60_0;
    %parti/s 1, 0, 2;
    %cmp/ne;
    %jmp/0xz  T_3.22, 4;
    %pushi/vec4 1, 0, 1;
    %assign/vec4 v000001f477752650_0, 0;
T_3.22 ;
T_3.21 ;
T_3.18 ;
    %jmp T_3.17;
T_3.16 ;
    %load/vec4 v000001f47761ce00_0;
    %pad/u 32;
    %cmpi/e 0, 0, 32;
    %jmp/0xz  T_3.24, 4;
    %pushi/vec4 0, 0, 1;
    %assign/vec4 v000001f477752970_0, 0;
    %load/vec4 v000001f477752dd0_0;
    %pad/u 32;
    %cmpi/e 57, 0, 32;
    %jmp/0xz  T_3.26, 4;
    %pushi/vec4 0, 0, 1;
    %assign/vec4 v000001f477752b50_0, 0;
    %pushi/vec4 63, 63, 6;
    %load/vec4 v000001f47761cd60_0;
    %parti/s 1, 0, 2;
    %load/vec4 v000001f477752bf0_0;
    %concat/vec4; draw_concat_vec4
    %concat/vec4; draw_concat_vec4
    %assign/vec4 v000001f477752790_0, 0;
T_3.26 ;
T_3.24 ;
T_3.17 ;
    %jmp T_3.15;
T_3.14 ;
    %pushi/vec4 0, 0, 7;
    %assign/vec4 v000001f477752dd0_0, 0;
    %pushi/vec4 0, 0, 1;
    %assign/vec4 v000001f477752970_0, 0;
    %pushi/vec4 0, 0, 1;
    %assign/vec4 v000001f47761ce00_0, 0;
T_3.15 ;
T_3.3 ;
T_3.1 ;
    %jmp T_3;
    .thread T_3;
    .scope S_000001f477606dd0;
T_4 ;
    %pushi/vec4 3905727146, 0, 32;
    %concati/vec4 2863311572, 0, 32;
    %store/vec4 v000001f4776ad220_0, 0, 64;
    %pushi/vec4 3805063850, 0, 32;
    %concati/vec4 2863311572, 0, 32;
    %store/vec4 v000001f4776ad860_0, 0, 64;
    %pushi/vec4 3838618282, 0, 32;
    %concati/vec4 2863311572, 0, 32;
    %store/vec4 v000001f4776ad180_0, 0, 64;
    %end;
    .thread T_4, $init;
    .scope S_000001f477606dd0;
T_5 ;
    %delay 10000, 0;
    %load/vec4 v000001f4776ae300_0;
    %nor/r;
    %store/vec4 v000001f4776ae300_0, 0, 1;
    %jmp T_5;
    .thread T_5;
    .scope S_000001f477606dd0;
T_6 ;
    %vpi_call/w 3 51 "$dumpfile", "frame_dismantle.vcd" {0 0 0};
    %vpi_call/w 3 52 "$dumpvars", 32'sb00000000000000000000000000000000, S_000001f477606dd0 {0 0 0};
    %vpi_call/w 3 53 "$display", "Starting Sim" {0 0 0};
    %pushi/vec4 0, 0, 1;
    %store/vec4 v000001f4776ae300_0, 0, 1;
    %pushi/vec4 0, 0, 1;
    %store/vec4 v000001f4776ad680_0, 0, 1;
    %delay 20000, 0;
    %pushi/vec4 1, 0, 1;
    %store/vec4 v000001f4776ad680_0, 0, 1;
    %delay 20000, 0;
    %pushi/vec4 0, 0, 1;
    %store/vec4 v000001f4776ad680_0, 0, 1;
    %delay 30000, 0;
    %pushi/vec4 1, 0, 1;
    %store/vec4 v000001f4776ad2c0_0, 0, 1;
    %fork t_5, S_000001f477606f60;
    %jmp t_4;
    .scope S_000001f477606f60;
t_5 ;
    %pushi/vec4 0, 0, 32;
    %store/vec4 v000001f477648ef0_0, 0, 32;
T_6.0 ;
    %load/vec4 v000001f477648ef0_0;
    %cmpi/s 384, 0, 32;
    %jmp/0xz T_6.1, 5;
    %load/vec4 v000001f477648ef0_0;
    %cmpi/e 0, 0, 32;
    %jmp/0xz  T_6.2, 4;
    %fork t_7, S_000001f47761ca40;
    %jmp t_6;
    .scope S_000001f47761ca40;
t_7 ;
    %pushi/vec4 0, 0, 32;
    %store/vec4 v000001f477655770_0, 0, 32;
T_6.4 ;
    %load/vec4 v000001f477655770_0;
    %cmpi/s 64, 0, 32;
    %jmp/0xz T_6.5, 5;
    %load/vec4 v000001f4776ad220_0;
    %pushi/vec4 63, 0, 32;
    %load/vec4 v000001f477655770_0;
    %sub;
    %part/s 1;
    %store/vec4 v000001f4776acc80_0, 0, 1;
    %delay 20000, 0;
    %load/vec4 v000001f477655770_0;
    %addi 1, 0, 32;
    %cast2;
    %store/vec4 v000001f477655770_0, 0, 32;
    %jmp T_6.4;
T_6.5 ;
    %end;
    .scope S_000001f477606f60;
t_6 %join;
    %jmp T_6.3;
T_6.2 ;
    %load/vec4 v000001f477648ef0_0;
    %pushi/vec4 2, 0, 32;
    %mod/s;
    %cmpi/e 0, 0, 32;
    %jmp/0xz  T_6.6, 4;
    %fork t_9, S_000001f47761cbd0;
    %jmp t_8;
    .scope S_000001f47761cbd0;
t_9 ;
    %pushi/vec4 0, 0, 32;
    %store/vec4 v000001f477663fd0_0, 0, 32;
T_6.8 ;
    %load/vec4 v000001f477663fd0_0;
    %cmpi/s 64, 0, 32;
    %jmp/0xz T_6.9, 5;
    %load/vec4 v000001f4776ad860_0;
    %pushi/vec4 63, 0, 32;
    %load/vec4 v000001f477663fd0_0;
    %sub;
    %part/s 1;
    %store/vec4 v000001f4776acc80_0, 0, 1;
    %delay 20000, 0;
    %load/vec4 v000001f477663fd0_0;
    %addi 1, 0, 32;
    %cast2;
    %store/vec4 v000001f477663fd0_0, 0, 32;
    %jmp T_6.8;
T_6.9 ;
    %end;
    .scope S_000001f477606f60;
t_8 %join;
    %jmp T_6.7;
T_6.6 ;
    %load/vec4 v000001f477648ef0_0;
    %pushi/vec4 2, 0, 32;
    %mod/s;
    %cmpi/e 1, 0, 32;
    %jmp/0xz  T_6.10, 4;
    %fork t_11, S_000001f477636c20;
    %jmp t_10;
    .scope S_000001f477636c20;
t_11 ;
    %pushi/vec4 0, 0, 32;
    %store/vec4 v000001f477662b00_0, 0, 32;
T_6.12 ;
    %load/vec4 v000001f477662b00_0;
    %cmpi/s 64, 0, 32;
    %jmp/0xz T_6.13, 5;
    %load/vec4 v000001f4776ad180_0;
    %pushi/vec4 63, 0, 32;
    %load/vec4 v000001f477662b00_0;
    %sub;
    %part/s 1;
    %store/vec4 v000001f4776acc80_0, 0, 1;
    %delay 20000, 0;
    %load/vec4 v000001f477662b00_0;
    %addi 1, 0, 32;
    %cast2;
    %store/vec4 v000001f477662b00_0, 0, 32;
    %jmp T_6.12;
T_6.13 ;
    %end;
    .scope S_000001f477606f60;
t_10 %join;
T_6.10 ;
T_6.7 ;
T_6.3 ;
    %load/vec4 v000001f477648ef0_0;
    %addi 1, 0, 32;
    %cast2;
    %store/vec4 v000001f477648ef0_0, 0, 32;
    %jmp T_6.0;
T_6.1 ;
    %end;
    .scope S_000001f477606dd0;
t_4 %join;
    %fork t_13, S_000001f477636db0;
    %jmp t_12;
    .scope S_000001f477636db0;
t_13 ;
    %pushi/vec4 0, 0, 32;
    %store/vec4 v000001f477636fe0_0, 0, 32;
T_6.14 ;
    %load/vec4 v000001f477636fe0_0;
    %cmpi/s 384, 0, 32;
    %jmp/0xz T_6.15, 5;
    %load/vec4 v000001f477636fe0_0;
    %cmpi/e 0, 0, 32;
    %jmp/0xz  T_6.16, 4;
    %fork t_15, S_000001f4775c2720;
    %jmp t_14;
    .scope S_000001f4775c2720;
t_15 ;
    %pushi/vec4 0, 0, 32;
    %store/vec4 v000001f477655490_0, 0, 32;
T_6.18 ;
    %load/vec4 v000001f477655490_0;
    %cmpi/s 64, 0, 32;
    %jmp/0xz T_6.19, 5;
    %load/vec4 v000001f4776ad220_0;
    %pushi/vec4 63, 0, 32;
    %load/vec4 v000001f477655490_0;
    %sub;
    %part/s 1;
    %store/vec4 v000001f4776acc80_0, 0, 1;
    %delay 20000, 0;
    %load/vec4 v000001f477655490_0;
    %addi 1, 0, 32;
    %cast2;
    %store/vec4 v000001f477655490_0, 0, 32;
    %jmp T_6.18;
T_6.19 ;
    %end;
    .scope S_000001f477636db0;
t_14 %join;
    %jmp T_6.17;
T_6.16 ;
    %load/vec4 v000001f477636fe0_0;
    %pushi/vec4 2, 0, 32;
    %mod/s;
    %cmpi/e 0, 0, 32;
    %jmp/0xz  T_6.20, 4;
    %fork t_17, S_000001f4775c28b0;
    %jmp t_16;
    .scope S_000001f4775c28b0;
t_17 ;
    %pushi/vec4 0, 0, 32;
    %store/vec4 v000001f477655530_0, 0, 32;
T_6.22 ;
    %load/vec4 v000001f477655530_0;
    %cmpi/s 64, 0, 32;
    %jmp/0xz T_6.23, 5;
    %load/vec4 v000001f4776ad860_0;
    %pushi/vec4 63, 0, 32;
    %load/vec4 v000001f477655530_0;
    %sub;
    %part/s 1;
    %store/vec4 v000001f4776acc80_0, 0, 1;
    %delay 20000, 0;
    %load/vec4 v000001f477655530_0;
    %addi 1, 0, 32;
    %cast2;
    %store/vec4 v000001f477655530_0, 0, 32;
    %jmp T_6.22;
T_6.23 ;
    %end;
    .scope S_000001f477636db0;
t_16 %join;
    %jmp T_6.21;
T_6.20 ;
    %load/vec4 v000001f477636fe0_0;
    %pushi/vec4 2, 0, 32;
    %mod/s;
    %cmpi/e 1, 0, 32;
    %jmp/0xz  T_6.24, 4;
    %fork t_19, S_000001f4775c2a40;
    %jmp t_18;
    .scope S_000001f4775c2a40;
t_19 ;
    %pushi/vec4 0, 0, 32;
    %store/vec4 v000001f477636f40_0, 0, 32;
T_6.26 ;
    %load/vec4 v000001f477636f40_0;
    %cmpi/s 64, 0, 32;
    %jmp/0xz T_6.27, 5;
    %load/vec4 v000001f4776ad180_0;
    %pushi/vec4 63, 0, 32;
    %load/vec4 v000001f477636f40_0;
    %sub;
    %part/s 1;
    %store/vec4 v000001f4776acc80_0, 0, 1;
    %delay 20000, 0;
    %load/vec4 v000001f477636f40_0;
    %addi 1, 0, 32;
    %cast2;
    %store/vec4 v000001f477636f40_0, 0, 32;
    %jmp T_6.26;
T_6.27 ;
    %end;
    .scope S_000001f477636db0;
t_18 %join;
T_6.24 ;
T_6.21 ;
T_6.17 ;
    %load/vec4 v000001f477636fe0_0;
    %addi 1, 0, 32;
    %cast2;
    %store/vec4 v000001f477636fe0_0, 0, 32;
    %jmp T_6.14;
T_6.15 ;
    %end;
    .scope S_000001f477606dd0;
t_12 %join;
    %pushi/vec4 0, 0, 1;
    %store/vec4 v000001f4776ad2c0_0, 0, 1;
    %delay 400000, 0;
    %vpi_call/w 3 156 "$display", "Finishing Sim" {0 0 0};
    %vpi_call/w 3 157 "$finish" {0 0 0};
    %end;
    .thread T_6;
# The file index is used to find the file name in the following table.
:file_names 7;
    "N/A";
    "<interactive>";
    "-";
    "sim/frame_dismantle_tb.sv";
    "src/biphasemark_decode.sv";
    "src/frame_dismantle.sv";
    "src/crc_calc.sv";
