Copyright 1986-2022 Xilinx, Inc. All Rights Reserved.
------------------------------------------------------------------------------------
| Tool Version : Vivado v.2022.1 (lin64) Build 3526262 Mon Apr 18 15:47:01 MDT 2022
| Date         : Tue Nov 15 15:11:17 2022
| Host         : alyssa-virtual-machine running 64-bit Ubuntu 20.04.5 LTS
| Command      : report_timing -file obj/post_route_timing.rpt
| Design       : top_level
| Device       : 7a100t-csg324
| Speed File   : -1  PRODUCTION 1.23 2018-06-13
------------------------------------------------------------------------------------

Timing Report

Slack:                    inf
  Source:                 jc[0]
                            (input port)
  Destination:            led[2]
                            (output port)
  Path Group:             (none)
  Path Type:              Max at Slow Process Corner
  Data Path Delay:        10.025ns  (logic 5.013ns (50.004%)  route 5.012ns (49.996%))
  Logic Levels:           2  (IBUF=1 OBUF=1)

    Location             Delay type                Incr(ns)  Path(ns)    Netlist Resource(s)
  -------------------------------------------------------------------    -------------------
    K1                                                0.000     0.000 r  jc[0] (IN)
                         net (fo=0)                   0.000     0.000    jc[0]
    K1                   IBUF (Prop_ibuf_I_O)         1.461     1.461 r  jc_IBUF[0]_inst/O
                         net (fo=1, routed)           5.012     6.473    led_OBUF[2]
    J13                  OBUF (Prop_obuf_I_O)         3.553    10.025 r  led_OBUF[2]_inst/O
                         net (fo=0)                   0.000    10.025    led[2]
    J13                                                               r  led[2] (OUT)
  -------------------------------------------------------------------    -------------------




